256 : O3EComplexType(36, "BusIdentification", [O3EByteVal(1, "BusAddress"), O3EEnum(1, "BusType", "BusTypes"), O3EEnum(1, "DeviceProperty","Devices"), O3EEnum(1, "DeviceFunction","Devices"), O3ESoftVers(8, "SW-Version"), O3ESoftVers(8, "HW-Version"), O3EUtf8(16, "VIN")]),
257 : O3EList(122, "StatusDtcList", [O3EByteVal(2, "Count"), O3EComplexType(12, "ListEntries",[O3EEnum(2,"State","States"), O3EDateTime(8, "DateTime"),O3EByteVal(2, "Unknown")] )]),
258 : O3EList(122, "StatusDtcHistory", [O3EByteVal(2, "Count"), O3EComplexType(12, "ListEntries",[O3EEnum(2,"State","States"), O3EDateTime(8, "DateTime"),O3EByteVal(2, "Unknown")] )]),
259 : O3EList(122, "InfoDtcList", [O3EByteVal(2, "Count"), O3EComplexType(12, "ListEntries",[O3EEnum(2,"Info","Infos"), O3EDateTime(8, "DateTime"),O3EByteVal(2, "Unknown")] )]),
260 : O3EList(122, "InfoDtcHistory", [O3EByteVal(2, "Count"), O3EComplexType(12, "ListEntries",[O3EEnum(2,"Info","Infos"), O3EDateTime(8, "DateTime"),O3EByteVal(2, "Unknown")] )]),
261 : O3EList(122, "ServiceDtcList", [O3EByteVal(2, "Count"), O3EComplexType(12, "ListEntries",[O3EEnum(2,"Service","Services"), O3EDateTime(8, "DateTime"),O3EByteVal(2, "Unknown")] )]),
262 : O3EList(122, "ServiceDtcHistory", [O3EByteVal(2, "Count"), O3EComplexType(12, "ListEntries",[O3EEnum(2,"Service","Services"), O3EDateTime(8, "DateTime"),O3EByteVal(2, "Unknown")] )]),
263 : O3EList(122, "WarningDtcList", [O3EByteVal(2, "Count"), O3EComplexType(12, "ListEntries",[O3EEnum(2,"Warning","Warnings"), O3EDateTime(8, "DateTime"),O3EByteVal(2, "Unknown")] )]),
264 : O3EList(124, "WarningDtcHistory", [O3EByteVal(2, "Count"), O3EByteVal(2, "GrandTotal"), O3EComplexType(12, "ListEntries",[O3EEnum(2,"Warning","Warnings"), O3EDateTime(8, "DateTime"),O3EByteVal(2, "Unknown")] )]),
265 : O3EList(122, "ErrorDtcList", [O3EByteVal(2, "Count"), O3EComplexType(12, "ListEntries",[O3EEnum(2,"Error","Errors"), O3EDateTime(8, "DateTime"), O3EByteVal(2, "Unknown")] )]),
266 : O3EList(124, "ErrorDtcHistory", [O3EByteVal(2, "Count"), O3EByteVal(2, "GrandTotal"), O3EComplexType(12, "ListEntries",[O3EEnum(2,"Error","Errors"), O3EDateTime(8, "DateTime"), O3EByteVal(2, "Unknown")] )]),
268 : O3EComplexType(9, "FlowTemperatureSensor", [O3EInt16(2, "Actual", signed=True), O3EInt16(2, "Minimum", signed=True), O3EInt16(2, "Maximum", signed=True), O3EInt16(2, "Average", signed=True), O3EByteVal(1, "Unknown")]),
269 : O3EComplexType(9, "ReturnTemperatureSensor", [O3EInt16(2, "Actual", signed=True), O3EInt16(2, "Minimum", signed=True), O3EInt16(2, "Maximum", signed=True), O3EInt16(2, "Average", signed=True), O3EByteVal(1, "Unknown")]),
271 : O3EComplexType(9, "DomesticHotWaterSensor", [O3EInt16(2, "Actual", signed=True), O3EInt16(2, "Minimum", signed=True), O3EInt16(2, "Maximum", signed=True), O3EInt16(2, "Average", signed=True), O3EByteVal(1, "Unknown")]),
272 : RawCodec(10, "DomesticHotWaterFlowSensor"),
274 : O3EComplexType(9, "OutsideTemperatureSensor", [O3EInt16(2, "Actual", signed=True), O3EInt16(2, "Average", signed=True), O3EInt16(2, "Minimum", signed=True), O3EInt16(2, "Maximum", signed=True), O3EByteVal(1, "Unknown")]),
279 : O3EComplexType(9, "BufferMidTemperatureSensor", [O3EInt16(2, "Actual", signed=True), O3EInt16(2, "Minimum", signed=True), O3EInt16(2, "Maximum", signed=True), O3EInt16(2, "Average", signed=True), O3EByteVal(1, "Unknown")]),
282 : O3EComplexType(9, "HydraulicSeparatorTemperatureSensor", [O3EInt16(2, "Actual", signed=True), O3EInt16(2, "Minimum", signed=True), O3EInt16(2, "Maximum", signed=True), O3EInt16(2, "Average", signed=True), O3EByteVal(1, "Unknown")]),
284 : O3EComplexType(9, "MixerOneCircuitFlowTemperatureSensor", [O3EInt16(2, "Actual", signed=True), O3EInt16(2, "Minimum", signed=True), O3EInt16(2, "Maximum", signed=True), O3EInt16(2, "Average", signed=True), O3EByteVal(1, "Unknown")]),
285 : O3EComplexType(9, "MixerOneCircuitReturnTemperatureSensor", [O3EInt16(2, "Actual", signed=True), O3EInt16(2, "Minimum", signed=True), O3EInt16(2, "Maximum", signed=True), O3EInt16(2, "Average", signed=True), O3EByteVal(1, "Unknown")]),
286 : O3EComplexType(9, "MixerTwoCircuitFlowTemperatureSensor", [O3EInt16(2, "Actual", signed=True), O3EInt16(2, "Minimum", signed=True), O3EInt16(2, "Maximum", signed=True), O3EInt16(2, "Average", signed=True), O3EByteVal(1, "Unknown")]),
287 : O3EComplexType(9, "MixerTwoCircuitReturnTemperatureSensor", [O3EInt16(2, "Actual", signed=True), O3EInt16(2, "Minimum", signed=True), O3EInt16(2, "Maximum", signed=True), O3EInt16(2, "Average", signed=True), O3EByteVal(1, "Unknown")]),
288 : O3EComplexType(9, "MixerThreeCircuitFlowTemperatureSensor", [O3EInt16(2, "Actual", signed=True), O3EInt16(2, "Minimum", signed=True), O3EInt16(2, "Maximum", signed=True), O3EInt16(2, "Average", signed=True), O3EByteVal(1, "Unknown")]),
289 : O3EComplexType(9, "MixerThreeCircuitReturnTemperatureSensor", [O3EInt16(2, "Actual", signed=True), O3EInt16(2, "Minimum", signed=True), O3EInt16(2, "Maximum", signed=True), O3EInt16(2, "Average", signed=True), O3EByteVal(1, "Unknown")]),
290 : O3EComplexType(9, "MixerFourCircuitFlowTemperatureSensor", [O3EInt16(2, "Actual", signed=True), O3EInt16(2, "Minimum", signed=True), O3EInt16(2, "Maximum", signed=True), O3EInt16(2, "Average", signed=True), O3EByteVal(1, "Unknown")]),
291 : O3EComplexType(9, "MixerFourCircuitReturnTemperatureSensor", [O3EInt16(2, "Actual", signed=True), O3EInt16(2, "Minimum", signed=True), O3EInt16(2, "Maximum", signed=True), O3EInt16(2, "Average", signed=True), O3EByteVal(1, "Unknown")]),
318 : O3EComplexType(9, "WaterPressureSensor", [O3EInt16(2, "Actual", signed=True), O3EInt16(2, "Minimum", signed=True), O3EInt16(2, "Maximum", signed=True), O3EInt16(2, "Average", signed=True), O3EByteVal(1, "Unknown")]),
320 : O3EComplexType(9, "PrimaryHeatExchangerLiquidTemperatureSensor", [O3EInt16(2, "Actual", signed=True), O3EInt16(2, "Minimum", signed=True), O3EInt16(2, "Maximum", signed=True), O3EInt16(2, "Average", signed=True), O3EByteVal(1, "Unknown")]),
321 : O3EComplexType(9, "CompressorInletTemperatureSensor", [O3EInt16(2, "Actual", signed=True), O3EInt16(2, "Minimum", signed=True), O3EInt16(2, "Maximum", signed=True), O3EInt16(2, "Average", signed=True), O3EByteVal(1, "Unknown")]),
322 : O3EComplexType(9, "CompressorInletPressureSensor", [O3EInt16(2, "Actual", scale = 100), O3EInt16(2, "Minimum", scale = 100), O3EInt16(2, "Maximum", scale = 100), O3EInt16(2, "Average", scale = 100), O3EByteVal(1, "Unknown")]),
324 : O3EComplexType(9, "CompressorOutletTemperatureSensor", [O3EInt16(2, "Actual", signed=True), O3EInt16(2, "Minimum", signed=True), O3EInt16(2, "Maximum", signed=True), O3EInt16(2, "Average", signed=True), O3EByteVal(1, "Unknown")]),
325 : O3EComplexType(9, "CompressorOutletPressureSensor", [O3EInt16(2, "Actual", scale = 100), O3EInt16(2, "Minimum", scale = 100), O3EInt16(2, "Maximum", scale = 100), O3EInt16(2, "Average", scale = 100), O3EByteVal(1, "Unknown")]),
334 : O3EComplexType(9, "MixerOneCircuitRoomTemperatureSensor",[O3EInt16(2, "Actual", signed=True), O3EInt16(2, "Minimum", signed=True), O3EInt16(2, "Maximum", signed=True), O3EInt16(2, "Average", signed=True), O3EByteVal(1, "Error")]),
335 : O3EComplexType(9, "MixerTwoCircuitRoomTemperatureSensor",[O3EInt16(2, "Actual", signed=True), O3EInt16(2, "Minimum", signed=True), O3EInt16(2, "Maximum", signed=True), O3EInt16(2, "Average", signed=True), O3EByteVal(1, "Error")]),
336 : O3EComplexType(9, "MixerThreeCircuitRoomTemperatureSensor",[O3EInt16(2, "Actual", signed=True), O3EInt16(2, "Minimum", signed=True), O3EInt16(2, "Maximum", signed=True), O3EInt16(2, "Average", signed=True), O3EByteVal(1, "Error")]),
337 : O3EComplexType(9, "MixerFourCircuitRoomTemperatureSensor",[O3EInt16(2, "Actual", signed=True), O3EInt16(2, "Minimum", signed=True), O3EInt16(2, "Maximum", signed=True), O3EInt16(2, "Average", signed=True), O3EByteVal(1, "Error")]),
354 : O3EByteVal(1, "PrimaryHeatExchangerBaseHeater"),
355 : O3EComplexType(9, "SecondaryHeatExchangerLiquidTemperatureSensor",[O3EInt16(2, "Actual", signed=True), O3EInt16(2, "Minimum", signed=True), O3EInt16(2, "Maximum", signed=True), O3EInt16(2, "Average", signed=True), O3EByteVal(1, "Error")]),
377 : O3EUtf8(16, "ViessmannIdentificationNumber"),
381 : O3EInt8(4, "CentralHeatingPump", offset = 1),
382 : O3EComplexType(5, "UnitsAndFormats", [O3EEnum(1, "Units", "Units"), O3EEnum(1, "DateFormat", "DateFormats"), O3EEnum(1, "TimeFormat", "TimeFormats"), O3EByteVal(1, "TimeZone"), O3EByteVal(1, "Unknown")]),
389 : O3EInt8(1, "ElectronicExpansionValveOneCurrentPositionPercent"),
391 : O3EInt8(1, "ElectronicExpansionValveTwoCurrentPositionPercent"),
396 : O3EInt16(2, "DomesticHotWaterTemperatureSetpoint", signed=True),
401 : O3EInt8(5, "MixerOneCircuitPump", scale = 1, offset = 2),
402 : O3EInt8(5, "MixerTwoCircuitPump", scale = 1, offset = 2),
403 : O3EInt8(5, "MixerThreeCircuitPump", scale = 1, offset = 2),
404 : O3EInt8(5, "MixerFourCircuitPump", scale = 1, offset = 2),
424 : O3EComplexType(9, "MixerOneCircuitRoomTemperatureSetpoint", [O3EInt16(2, "Comfort", signed=True), O3EInt16(2, "Standard", signed=True), O3EInt16(2, "Reduced", signed=True), RawCodec(2, "Unknown2"), O3EByteVal(1, "Duration")]),
426 : O3EComplexType(9, "MixerTwoCircuitRoomTemperatureSetpoint", [O3EInt16(2, "Comfort", signed=True), O3EInt16(2, "Standard", signed=True), O3EInt16(2, "Reduced", signed=True), RawCodec(2, "Unknown2"), O3EByteVal(1, "Duration")]),
428 : O3EComplexType(9, "MixerThreeCircuitRoomTemperatureSetpoint", [O3EInt16(2, "Comfort", signed=True), O3EInt16(2, "Standard", signed=True), O3EInt16(2, "Reduced", signed=True), RawCodec(2, "Unknown2"), O3EByteVal(1, "Duration")]),
430 : O3EComplexType(9, "MixerFourCircuitRoomTemperatureSetpoint", [O3EInt16(2, "Comfort", signed=True), O3EInt16(2, "Standard", signed=True), O3EInt16(2, "Reduced", signed=True), RawCodec(2, "Unknown2"), O3EByteVal(1, "Duration")]),
475 : O3EInt8(2,  "MixerOneCircuitThreeWayValvePositionPercent", signed=True),
476 : O3EInt8(2,  "MixerTwoCircuitThreeWayValvePositionPercent", signed=True),
477 : RawCodec(2, "MixerThreeCircuitThreeWayValvePositionPercent"),
478 : RawCodec(2, "MixerFourCircuitThreeWayValvePositionPercent"),
491 : O3EComplexType(2, "DomesticHotWaterCirculationPump",[O3EByteVal(1,"State"),O3EByteVal(1,"Unknown")]),
497 : O3EComplexType(5, "DomesticHotWaterCirculationPumpMode",[O3EByteVal(1, "Mode"), O3EByteVal(1, "HygenieActive"), O3EByteVal(1, "HeatingActive"), O3EByteVal(1, "Unknown"), O3EByteVal(1, "Cycles")]),
500 : RawCodec(2, "CentralHeatDemandExternalAc"),
503 : O3EComplexType(2, "ScaldProtection", [O3EBool(2, "Mode"),]),
504 : RawCodec(14, "DomesticHotWaterSetpointMetaData"),
505 : O3ESdate(3, "Date"),
506 : O3EStime(3, "Time"),
507 : O3EUtc(4, "UniversalTimeCoordinated"),
508 : O3EByteVal(1, "UniversalTimeCoordinatedOffset"),
510 : O3EByteVal(1, "Language"),
511 : RawCodec(8, "HolidayPhase"),
512 : RawCodec(8, "HolidayAtHomePhase"),
513 : RawCodec(8, "HolidayPhaseCircuitOne"),
514 : RawCodec(8, "HolidayAtHomePhaseCircuitOne"),
515 : RawCodec(8, "HolidayPhaseCircuitTwo"),
516 : RawCodec(8, "HolidayAtHomePhaseCircuitTwo"),
517 : RawCodec(8, "HolidayPhaseCircuitThree"),
518 : RawCodec(8, "HolidayAtHomePhaseCircuitThree"),
519 : RawCodec(8, "HolidayPhaseCircuitFour"),
520 : RawCodec(8, "HolidayAtHomePhaseCircuitFour"),
531 : O3EComplexType(2, "DomesticHotWaterOperationState",[O3EByteVal(1,"Mode"),O3EByteVal(1,"State")]),
534 : O3EInt16(2, "DomesticHotWaterPumpPostRunTime", scale=1),
537 : O3EComplexType(2, "ExternalMixerOneCircuitTargetOperationMode",[O3EByteVal(1,"Mode"),O3EByteVal(1,"State")]),
538 : O3EComplexType(2, "ExternalDomesticHotWaterTargetOperationMode",[O3EByteVal(1,"Mode"),O3EByteVal(1,"State")]),
543 : RawCodec(4, "SmartGridReadyConsolidator"),
548 : O3EComplexType(24, "EnergyConsumptionCentralHeating", [O3EInt32(4, "Today", scale=10), O3EInt32(4, "Week", scale=10), O3EInt32(4, "CurrentMonth", scale=10), O3EInt32(4, "PastMonth", scale=10), O3EInt32(4, "CurrentYear", scale=10), O3EInt32(4, "PastYear", scale=10)]),
565 : O3EComplexType(24, "EnergyConsumptionDomesticHotWater", [O3EInt32(4, "Today", scale=10), O3EInt32(4, "Week", scale=10), O3EInt32(4, "CurrentMonth", scale=10), O3EInt32(4, "PastMonth", scale=10), O3EInt32(4, "CurrentYear", scale=10), O3EInt32(4, "PastYear", scale=10)]),
566 : O3EComplexType(24, "EnergyConsumptionCooling", [O3EInt32(4, "Today", scale=10), O3EInt32(4, "Week", scale=10), O3EInt32(4, "CurrentMonth", scale=10), O3EInt32(4, "PastMonth", scale=10), O3EInt32(4, "CurrentYear", scale=10), O3EInt32(4, "PastYear", scale=10)]),
572 : RawCodec(3, "SetDefaultValuesDate"),
573 : RawCodec(2, "RemoteReset"),
576 : O3ESdate(3, "SetDeliveryStatusDate"),
580 : O3ESoftVers(8, "SoftwareVersion"),
581 : O3ESoftVers(8, "HardwareVersion"),
592 : O3EMacAddr(6, "MacAddressLan"),
593 : O3EMacAddr(6, "GatewayMac"),
602 : O3EByteVal(1, "GatewayRemoteLocalNetworkStatus"),
603 : O3EByteVal(1, "GatewayApEnable"),
604 : O3EComplexType(76, "GatewayApDataSet", [O3EUtf8(32, "SSID_AccessPoint"), O3EUtf8(40, "Password_AccessPoint"), O3EIp4Addr(4, "IP-Address_AccessPoint")]),
607 : O3EComplexType(20, "GatewayRemoteIp", [O3EIp4Addr(4, "WLAN_IP-Address"), O3EIp4Addr(4, "SubnetMask"), O3EIp4Addr(4, "Gateway_IP-Address"), O3EIp4Addr(4, "DNSServer1"), O3EIp4Addr(4, "DNSServer2")]),
616 : O3EByteVal(1, "GatewayRemoteEnable"),
618 : O3EByteVal(1, "GatewayRemoteIpStatic"),
619 : RawCodec(2, "GatewayRemoteScanNetwork"),
620 : O3EByteVal(1, "DiagnosticServiceConnectionStatus"),
621 : O3EComplexType(181, "ObjectContactDetails", [O3EUtf8(20, "Name"), O3EUtf8(15, "PreName"), O3EUtf8(20, "Street"), O3EUtf8(10, "StreetExtension"), O3EUtf8(7, "ZipCode"), O3EUtf8(15, "Region"), O3EUtf8(15, "City"), O3EUtf8(16, "Phone"), O3EUtf8(16, "Mobile"), O3EUtf8(30, "Email"), O3EEnum(1, "Country", "Countries"), O3EUtf8(16, "IdentificationNumber")]),
622 : O3EComplexType(181, "CustomerDetails", [O3EUtf8(20, "Name"), O3EUtf8(15, "PreName"), O3EUtf8(20, "Street"), O3EUtf8(10, "StreetExtension"), O3EUtf8(7, "ZipCode"), O3EUtf8(15, "Region"), O3EUtf8(15, "City"), O3EUtf8(16, "Phone"), O3EUtf8(16, "Mobile"), O3EUtf8(30, "Email"), O3EEnum(1, "Country", "Countries"), O3EUtf8(16, "Identification Number")]),
623 : O3EComplexType(181, "ServiceEngineer", [O3EUtf8(20, "Name"), O3EUtf8(15, "PreName"), O3EUtf8(20, "Street"), O3EUtf8(10, "StreetExtension"), O3EUtf8(7, "ZipCode"), O3EUtf8(15, "Region"), O3EUtf8(15, "City"), O3EUtf8(16, "Phone"), O3EUtf8(16, "Mobile"), O3EUtf8(30, "Email"), O3EEnum(1, "Country", "Countries"), O3EUtf8(16, "Identification Number")]), # vizard\app\src\main\assets\one_click_configuration8.json
624 : O3EComplexType(181, "TechnicalSupport", [O3EUtf8(20, "Name"), O3EUtf8(15, "PreName"), O3EUtf8(20, "Street"), O3EUtf8(10, "StreetExtension"), O3EUtf8(7, "ZipCode"), O3EUtf8(15, "Region"), O3EUtf8(15, "City"), O3EUtf8(16, "Phone"), O3EUtf8(16, "Mobile"), O3EUtf8(30, "Email"), O3EEnum(1, "Country", "Countries"), O3EUtf8(16, "Identification Number")]),
625 : O3EComplexType(26, "ObjectDetails", [O3EInt32(4, "Latitude", scale=10000, signed=True), O3EInt32(4, "Longitude", scale=10000, signed=True), O3EInt16(2, "Altitude", scale=1, signed=True), O3EInt16(2, "OrientationHorizontally", scale=1, signed=True), O3EInt16(2, "OrientationVertically", scale=1, signed=True), O3EInt16(2, "HeatingLoadPerSquareMeterPerYear", scale=1, signed=False), O3EInt16(2, "CentralHeatingCylinderSize", scale=10, signed=False), O3EInt16(2, "DomesticHotWaterCylinderSize", scale=10, signed=False), O3EInt16(2, "BufferCylinderSize", scale=10, signed=False), O3EInt16(2, "InstallationRoomSize", scale=10, signed=False), O3EInt16(2, "NitrogenOxide", scale=1, signed=False)]),  # vizard\app\src\main\assets\one_click_configuration5.json
627 : O3EUtf8(40, "CentralHeatingOneCircuitName"), # vizard\app\src\main\assets\one_click_configuration5.json
628 : O3EUtf8(40, "CentralHeatingTwoCircuitName"),
629 : O3EUtf8(40, "CentralHeatingThreeCircuitName"),
630 : O3EUtf8(40, "CentralHeatingFourCircuitName"),
645 : O3EByteVal(1, "GenericAnalogDigitalAccessoryOneModulFunction"),
646 : O3EByteVal(1, "GenericAnalogDigitalAccessoryTwoModulFunction"),
647 : O3EByteVal(1, "GenericAnalogDigitalAccessoryThreeModulFunction"),
648 : O3EByteVal(1, "GenericAnalogDigitalAccessoryFourModulFunction"),
649 : O3EByteVal(1, "GenericAnalogDigitalAccessoryFiveModulFunction"),
650 : O3EByteVal(1, "GenericDigitalAccessoryOneModulFunction"),
651 : O3EByteVal(1, "GenericDigitalAccessoryTwoModulFunction"),
652 : O3EByteVal(1, "GenericDigitalAccessoryThreeModulFunction"),
680 : RawCodec(123, "EnergyMeter"),
691 : O3EList(57, "DomesticHotWaterTimeScheduleMonday",[O3EByteVal(1, "Count"), O3EComplexType(7, "Schedules",[O3EStime(2, "Start"),O3EStime(2, "Stop"), RawCodec(2, "Unknown"), O3EByteVal(1, "Mode")])]),
692 : O3EList(57, "DomesticHotWaterTimeScheduleTuesday",[O3EByteVal(1, "Count"), O3EComplexType(7, "Schedules",[O3EStime(2, "Start"),O3EStime(2, "Stop"), RawCodec(2, "Unknown"), O3EByteVal(1, "Mode")])]),
693 : O3EList(57, "DomesticHotWaterTimeScheduleWednesday",[O3EByteVal(1, "Count"), O3EComplexType(7, "Schedules",[O3EStime(2, "Start"),O3EStime(2, "Stop"), RawCodec(2, "Unknown"), O3EByteVal(1, "Mode")])]),
694 : O3EList(57, "DomesticHotWaterTimeScheduleThursday",[O3EByteVal(1, "Count"), O3EComplexType(7, "Schedules",[O3EStime(2, "Start"),O3EStime(2, "Stop"), RawCodec(2, "Unknown"), O3EByteVal(1, "Mode")])]),
695 : O3EList(57, "DomesticHotWaterTimeScheduleFriday",[O3EByteVal(1, "Count"), O3EComplexType(7, "Schedules",[O3EStime(2, "Start"),O3EStime(2, "Stop"), RawCodec(2, "Unknown"), O3EByteVal(1, "Mode")])]),
696 : O3EList(57, "DomesticHotWaterTimeScheduleSaturday",[O3EByteVal(1, "Count"), O3EComplexType(7, "Schedules",[O3EStime(2, "Start"),O3EStime(2, "Stop"), RawCodec(2, "Unknown"), O3EByteVal(1, "Mode")])]),
697 : O3EList(57, "DomesticHotWaterTimeScheduleSunday",[O3EByteVal(1, "Count"), O3EComplexType(7, "Schedules",[O3EStime(2, "Start"),O3EStime(2, "Stop"), RawCodec(2, "Unknown"), O3EByteVal(1, "Mode")])]),
726 : O3EList(57, "DomesticHotWaterCirculationTimeScheduleMonday",[O3EByteVal(1, "Count"), O3EComplexType(7, "Schedules",[O3EStime(2, "Start"),O3EStime(2, "Stop"), RawCodec(2, "Unknown"), O3EByteVal(1, "Mode")])]),
727 : O3EList(57, "DomesticHotWaterCirculationTimeScheduleTuesday",[O3EByteVal(1, "Count"), O3EComplexType(7, "Schedules",[O3EStime(2, "Start"),O3EStime(2, "Stop"), RawCodec(2, "Unknown"), O3EByteVal(1, "Mode")])]),
728 : O3EList(57, "DomesticHotWaterCirculationTimeScheduleWednesday",[O3EByteVal(1, "Count"), O3EComplexType(7, "Schedules",[O3EStime(2, "Start"),O3EStime(2, "Stop"), RawCodec(2, "Unknown"), O3EByteVal(1, "Mode")])]),
729 : O3EList(57, "DomesticHotWaterCirculationTimeScheduleThursday",[O3EByteVal(1, "Count"), O3EComplexType(7, "Schedules",[O3EStime(2, "Start"),O3EStime(2, "Stop"), RawCodec(2, "Unknown"), O3EByteVal(1, "Mode")])]),
730 : O3EList(57, "DomesticHotWaterCirculationTimeScheduleFriday",[O3EByteVal(1, "Count"), O3EComplexType(7, "Schedules",[O3EStime(2, "Start"),O3EStime(2, "Stop"), RawCodec(2, "Unknown"), O3EByteVal(1, "Mode")])]),
731 : O3EList(57, "DomesticHotWaterCirculationTimeScheduleSaturday",[O3EByteVal(1, "Count"), O3EComplexType(7, "Schedules",[O3EStime(2, "Start"),O3EStime(2, "Stop"), RawCodec(2, "Unknown"), O3EByteVal(1, "Mode")])]),
732 : O3EList(57, "DomesticHotWaterCirculationTimeScheduleSunday",[O3EByteVal(1, "Count"), O3EComplexType(7, "Schedules",[O3EStime(2, "Start"),O3EStime(2, "Stop"), RawCodec(2, "Unknown"), O3EByteVal(1, "Mode")])]),
761 : O3EList(57, "MixerOneCircuitTimeScheduleMonday",[O3EByteVal(1, "Count"), O3EComplexType(7, "Schedules",[O3EStime(2, "Start"),O3EStime(2, "Stop"), RawCodec(2, "Unknown"), O3EByteVal(1, "Mode")])]),
762 : O3EList(57, "MixerOneCircuitTimeScheduleTuesday",[O3EByteVal(1, "Count"), O3EComplexType(7, "Schedules",[O3EStime(2, "Start"),O3EStime(2, "Stop"), RawCodec(2, "Unknown"), O3EByteVal(1, "Mode")])]),
763 : O3EList(57, "MixerOneCircuitTimeScheduleWednesday",[O3EByteVal(1, "Count"), O3EComplexType(7, "Schedules",[O3EStime(2, "Start"),O3EStime(2, "Stop"), RawCodec(2, "Unknown"), O3EByteVal(1, "Mode")])]),
764 : O3EList(57, "MixerOneCircuitTimeScheduleThursday",[O3EByteVal(1, "Count"), O3EComplexType(7, "Schedules",[O3EStime(2, "Start"),O3EStime(2, "Stop"), RawCodec(2, "Unknown"), O3EByteVal(1, "Mode")])]),
765 : O3EList(57, "MixerOneCircuitTimeScheduleFriday",[O3EByteVal(1, "Count"), O3EComplexType(7, "Schedules",[O3EStime(2, "Start"),O3EStime(2, "Stop"), RawCodec(2, "Unknown"), O3EByteVal(1, "Mode")])]),
766 : O3EList(57, "MixerOneCircuitTimeScheduleSaturday",[O3EByteVal(1, "Count"), O3EComplexType(7, "Schedules",[O3EStime(2, "Start"),O3EStime(2, "Stop"), RawCodec(2, "Unknown"), O3EByteVal(1, "Mode")])]),
767 : O3EList(57, "MixerOneCircuitTimeScheduleSunday",[O3EByteVal(1, "Count"), O3EComplexType(7, "Schedules",[O3EStime(2, "Start"),O3EStime(2, "Stop"), RawCodec(2, "Unknown"), O3EByteVal(1, "Mode")])]),
768 : O3EList(57, "MixerTwoCircuitTimeScheduleMonday",[O3EByteVal(1, "Count"), O3EComplexType(7, "Schedules",[O3EStime(2, "Start"),O3EStime(2, "Stop"), RawCodec(2, "Unknown"), O3EByteVal(1, "Mode")])]),
769 : O3EList(57, "MixerTwoCircuitTimeScheduleTuesday",[O3EByteVal(1, "Count"), O3EComplexType(7, "Schedules",[O3EStime(2, "Start"),O3EStime(2, "Stop"), RawCodec(2, "Unknown"), O3EByteVal(1, "Mode")])]),
770 : O3EList(57, "MixerTwoCircuitTimeScheduleWednesday",[O3EByteVal(1, "Count"), O3EComplexType(7, "Schedules",[O3EStime(2, "Start"),O3EStime(2, "Stop"), RawCodec(2, "Unknown"), O3EByteVal(1, "Mode")])]),
771 : O3EList(57, "MixerTwoCircuitTimeScheduleThursday",[O3EByteVal(1, "Count"), O3EComplexType(7, "Schedules",[O3EStime(2, "Start"),O3EStime(2, "Stop"), RawCodec(2, "Unknown"), O3EByteVal(1, "Mode")])]),
772 : O3EList(57, "MixerTwoCircuitTimeScheduleFriday",[O3EByteVal(1, "Count"), O3EComplexType(7, "Schedules",[O3EStime(2, "Start"),O3EStime(2, "Stop"), RawCodec(2, "Unknown"), O3EByteVal(1, "Mode")])]),
773 : O3EList(57, "MixerTwoCircuitTimeScheduleSaturday",[O3EByteVal(1, "Count"), O3EComplexType(7, "Schedules",[O3EStime(2, "Start"),O3EStime(2, "Stop"), RawCodec(2, "Unknown"), O3EByteVal(1, "Mode")])]),
774 : O3EList(57, "MixerTwoCircuitTimeScheduleSunday",[O3EByteVal(1, "Count"), O3EComplexType(7, "Schedules",[O3EStime(2, "Start"),O3EStime(2, "Stop"), RawCodec(2, "Unknown"), O3EByteVal(1, "Mode")])]),
775 : O3EList(57, "MixerThreeCircuitTimeScheduleMonday",[O3EByteVal(1, "Count"), O3EComplexType(7, "Schedules",[O3EStime(2, "Start"),O3EStime(2, "Stop"), RawCodec(2, "Unknown"), O3EByteVal(1, "Mode")])]),
776 : O3EList(57, "MixerThreeCircuitTimeScheduleTuesday",[O3EByteVal(1, "Count"), O3EComplexType(7, "Schedules",[O3EStime(2, "Start"),O3EStime(2, "Stop"), RawCodec(2, "Unknown"), O3EByteVal(1, "Mode")])]),
777 : O3EList(57, "MixerThreeCircuitTimeScheduleWednesday",[O3EByteVal(1, "Count"), O3EComplexType(7, "Schedules",[O3EStime(2, "Start"),O3EStime(2, "Stop"), RawCodec(2, "Unknown"), O3EByteVal(1, "Mode")])]),
778 : O3EList(57, "MixerThreeCircuitTimeScheduleThursday",[O3EByteVal(1, "Count"), O3EComplexType(7, "Schedules",[O3EStime(2, "Start"),O3EStime(2, "Stop"), RawCodec(2, "Unknown"), O3EByteVal(1, "Mode")])]),
779 : O3EList(57, "MixerThreeCircuitTimeScheduleFriday",[O3EByteVal(1, "Count"), O3EComplexType(7, "Schedules",[O3EStime(2, "Start"),O3EStime(2, "Stop"), RawCodec(2, "Unknown"), O3EByteVal(1, "Mode")])]),
780 : O3EList(57, "MixerThreeCircuitTimeScheduleSaturday",[O3EByteVal(1, "Count"), O3EComplexType(7, "Schedules",[O3EStime(2, "Start"),O3EStime(2, "Stop"), RawCodec(2, "Unknown"), O3EByteVal(1, "Mode")])]),
781 : O3EList(57, "MixerThreeCircuitTimeScheduleSunday",[O3EByteVal(1, "Count"), O3EComplexType(7, "Schedules",[O3EStime(2, "Start"),O3EStime(2, "Stop"), RawCodec(2, "Unknown"), O3EByteVal(1, "Mode")])]),
782 : O3EList(57, "MixerFourCircuitTimeScheduleMonday",[O3EByteVal(1, "Count"), O3EComplexType(7, "Schedules",[O3EStime(2, "Start"),O3EStime(2, "Stop"), RawCodec(2, "Unknown"), O3EByteVal(1, "Mode")])]),
783 : O3EList(57, "MixerFourCircuitTimeScheduleTuesday",[O3EByteVal(1, "Count"), O3EComplexType(7, "Schedules",[O3EStime(2, "Start"),O3EStime(2, "Stop"), RawCodec(2, "Unknown"), O3EByteVal(1, "Mode")])]),
784 : O3EList(57, "MixerFourCircuitTimeScheduleWednesday",[O3EByteVal(1, "Count"), O3EComplexType(7, "Schedules",[O3EStime(2, "Start"),O3EStime(2, "Stop"), RawCodec(2, "Unknown"), O3EByteVal(1, "Mode")])]),
785 : O3EList(57, "MixerFourCircuitTimeScheduleThursday",[O3EByteVal(1, "Count"), O3EComplexType(7, "Schedules",[O3EStime(2, "Start"),O3EStime(2, "Stop"), RawCodec(2, "Unknown"), O3EByteVal(1, "Mode")])]),
786 : O3EList(57, "MixerFourCircuitTimeScheduleFriday",[O3EByteVal(1, "Count"), O3EComplexType(7, "Schedules",[O3EStime(2, "Start"),O3EStime(2, "Stop"), RawCodec(2, "Unknown"), O3EByteVal(1, "Mode")])]),
787 : O3EList(57, "MixerFourCircuitTimeScheduleSaturday",[O3EByteVal(1, "Count"), O3EComplexType(7, "Schedules",[O3EStime(2, "Start"),O3EStime(2, "Stop"), RawCodec(2, "Unknown"), O3EByteVal(1, "Mode")])]),
788 : O3EList(57, "MixerFourCircuitTimeScheduleSunday",[O3EByteVal(1, "Count"), O3EComplexType(7, "Schedules",[O3EStime(2, "Start"),O3EStime(2, "Stop"), RawCodec(2, "Unknown"), O3EByteVal(1, "Mode")])]),
873 : RawCodec(2, "LegionellaProtectionActivation"),
874 : O3EInt16(3, "LegionellaProtectionTargetTemperatureSetpoint"),
875 : O3EStime(2, "LegionellaProtectionStartTime"),
876 : O3EByteVal(1, "LegionellaProtectionWeekday"),
877 : O3EStime(3, "LegionellaProtectionLastSuccessfulStartTime"),
878 : O3EByteVal(1, "LegionellaProtectionLastSuccessfulWeekday"),
880 : O3EComplexType(4, "MixerOneCircuitCentralHeatingCurve", [O3EInt8(1, "Gradient", scale=10), O3EInt8(1, "Level", signed=True), O3EInt16(2, "BasePoint", signed=True)]),
881 : O3EComplexType(4, "MixerTwoCircuitCentralHeatingCurve", [O3EInt8(1, "Gradient", scale=10), O3EInt8(1, "Level", signed=True), O3EInt16(2, "BasePoint", signed=True)]),
882 : O3EComplexType(4, "MixerThreeCircuitCentralHeatingCurve", [O3EInt8(1, "Gradient", scale=10), O3EInt8(1, "Level", signed=True), O3EInt16(2, "BasePoint", signed=True)]),
883 : O3EComplexType(4, "MixerFourCircuitCentralHeatingCurve", [O3EInt8(1, "Gradient", scale=10), O3EInt8(1, "Level", signed=True), O3EInt16(2, "BasePoint", signed=True)]),
896 : O3EInt16(2, "OutsideTemperatureOffset", signed=True),
897 : O3EByteVal(1, "ScreedDryingProfileActivation"),
898 : O3EByteVal(1, "RemainingFloorDryingDays"),
900 : O3EByteVal(1, "GatewayRemoteSignalStrength"),
901 : O3EByteVal(1, "ServiceManagerIsRequired"),
902 : O3EByteVal(1, "MalfunctionIdentification"),
903 : RawCodec(4, "DisplaySettings"),
908 : O3EByteVal(1, "ExternalFaultSignal"),
909 : O3EByteVal(1, "ExternalFaultSignalInput"),
912 : O3EComplexType(5, "DaylightSavingTimeActive", [O3EBool(1,"Mode"), O3EInt8(1, "SpringEarliestDay"), O3EInt8(1, "SpringMonth"), O3EInt8(1, "AutumnEarliestDay"), O3EInt8(1, "AutumnMonth")]),
918 : O3EByteVal(1, "TradeFairMode"),
919 : O3EInt16(2, "OutsideTemperatureDampingFactor"),
921 : O3EComplexType(2, "ExternalAccessInProgress",[O3EByteVal(1,"Mode"),O3EByteVal(1,"State")]),
923 : RawCodec(8, "RealTimeClockStatus"),
924 : O3EByteVal(1, "StartUpWizard"),
925 : RawCodec(5, "FillingVenting"),
927 : O3EEnum(1, "BuildingType", "BuildingTypes"),
928 : O3EUtf8(16, "ElectronicTraceabilityNumber"),
933 : O3EComplexType(9, "MixerOneCircuitProperty", [O3EEnum(1,"MixerCircuitType","MixerCircuitTypes"), O3EEnum(1,"BusType","BusTypes"), O3EEnum(1,"RemoteControl","RemoteControls"), O3EEnum(1,"Priority","Priorities"), O3EByteVal(1,"BusAddress"), O3EInt16(2,"FlowTemperatureOffset"), O3EEnum(1,"RegulationType","RegulationTypes"), O3EByteVal(1,"RoomTemperatureCorrectionFactor")]),
934 : O3EComplexType(9, "MixerTwoCircuitProperty", [O3EEnum(1,"MixerCircuitType","MixerCircuitTypes"), O3EEnum(1,"BusType","BusTypes"), O3EEnum(1,"RemoteControl","RemoteControls"), O3EEnum(1,"Priority","Priorities"), O3EByteVal(1,"BusAddress"), O3EInt16(2,"FlowTemperatureOffset"), O3EEnum(1,"RegulationType","RegulationTypes"), O3EByteVal(1,"RoomTemperatureCorrectionFactor")]),
935 : O3EComplexType(9, "MixerThreeCircuitProperty", [O3EEnum(1,"MixerCircuitType","MixerCircuitTypes"), O3EEnum(1,"BusType","BusTypes"), O3EEnum(1,"RemoteControl","RemoteControls"), O3EEnum(1,"Priority","Priorities"), O3EByteVal(1,"BusAddress"), O3EInt16(2,"FlowTemperatureOffset"), O3EEnum(1,"RegulationType","RegulationTypes"), O3EByteVal(1,"RoomTemperatureCorrectionFactor")]),
936 : O3EComplexType(9, "MixerFourCircuitProperty", [O3EEnum(1,"MixerCircuitType","MixerCircuitTypes"), O3EEnum(1,"BusType","BusTypes"), O3EEnum(1,"RemoteControl","RemoteControls"), O3EEnum(1,"Priority","Priorities"), O3EByteVal(1,"BusAddress"), O3EInt16(2,"FlowTemperatureOffset"), O3EEnum(1,"RegulationType","RegulationTypes"), O3EByteVal(1,"RoomTemperatureCorrectionFactor")]),
952 : RawCodec(51, "HydraulicMatrix"),
954 : O3EList(181, "BusTopologyMatrix", [O3EInt8(1, "Count"), O3EComplexType(36, "TopologyElement",[O3EByteVal(1, "NodeID"), O3EEnum(1, "BusType", "BusTypes"), O3EByteVal(1, "DeviceProperty"), O3EByteVal(1, "DeviceFunction"), O3ESoftVers(8, "SW-Version"), O3ESoftVers(8, "HW-Version"), O3EUtf8(16, "VIN")])]),
962 : O3ESoftVers(8, "BootLoaderVersion"),
964 : O3EByteVal(1, "ActiveDiagnosticSession"),
987 : O3EInt16(2, "MixerOneCircuitFlowTemperatureTargetSetpoint", signed=True),
988 : O3EInt16(2, "MixerTwoCircuitFlowTemperatureTargetSetpoint", signed=True),
989 : O3EInt16(2, "MixerThreeCircuitFlowTemperatureTargetSetpoint", signed=True),
990 : O3EInt16(2, "MixerFourCircuitFlowTemperatureTargetSetpoint", signed=True),
1004 : O3EEnum(1, "CentralHeatingRegulationMode", "RegulationTypes"),
1006 : RawCodec(4, "TargetQuickMode"),
1007 : RawCodec(4, "CurrentQuickMode"),
1008 : RawCodec(4, "MixerOneCircuitTargetQuickMode"),
1009 : RawCodec(4, "MixerTwoCircuitTargetQuickMode"),
1010 : RawCodec(4, "MixerThreeCircuitTargetQuickMode"),
1011 : RawCodec(4, "MixerFourCircuitTargetQuickMode"),
1024 : RawCodec(4, "MixerOneCircuitCurrentQuickMode"),
1025 : RawCodec(4, "MixerTwoCircuitCurrentQuickMode"),
1026 : RawCodec(4, "MixerThreeCircuitCurrentQuickMode"),
1027 : RawCodec(4, "MixerFourCircuitCurrentQuickMode"),
1043 : O3EComplexType(5, "AllengraSensor", [O3EInt16(2, "Flow"), O3EInt16(2, "Temperature"), RawCodec(1, "Unknown")]),
1085 : O3EInt16(4, "DomesticHotWaterHysteresis"),
1087 : O3EInt8(2, "MaximumDomesticHotWaterLoadingTime"),
1096 : O3EByteVal(1, "ResetEnergyManagerDataCollector"),
1097 : RawCodec(20, "ElectricityPrice"),
1098 : RawCodec(20, "GasProperties"),
1100 : O3EComplexType(3, "CentralHeatingPumpMinimumMaximumLimit", [O3EInt8(1, "MinSpeed"), O3EInt8(1, "MaxSpeed"), O3EInt8(1, "Setpoint")]),
1101 : O3EComplexType(3, "DomesticHotWaterPumpMinimumMaximumLimit", [O3EInt8(1, "MinSpeed"), O3EInt8(1, "MaxSpeed"), O3EInt8(1, "Setpoint")]),
1102 : O3EComplexType(3, "MixerOneCircuitPumpMinimumMaximumLimit", [O3EInt8(1, "MinSpeed"), O3EInt8(1, "MaxSpeed"), O3EInt8(1, "Setpoint")]),
1103 : O3EComplexType(3, "MixerTwoCircuitPumpMinimumMaximumLimit", [O3EInt8(1, "MinSpeed"), O3EInt8(1, "MaxSpeed"), O3EInt8(1, "Setpoint")]),
1104 : O3EComplexType(3, "MixerThreeCircuitPumpMinimumMaximumLimit", [O3EInt8(1, "MinSpeed"), O3EInt8(1, "MaxSpeed"), O3EInt8(1, "Setpoint")]),
1105 : O3EComplexType(3, "MixerFourCircuitPumpMinimumMaximumLimit", [O3EInt8(1, "MinSpeed"), O3EInt8(1, "MaxSpeed"), O3EInt8(1, "Setpoint")]),
1138 : RawCodec(1, "AccentLedBar"),
1139 : O3EComplexType(7, "CentralHeatingCurveAdaptionParameter", [O3EInt16(2, "0", signed=True), O3EInt16(2, "1", signed=True), RawCodec(3, "Unknown"),]), # "Aussentemperaturgrenze für Aufhebung des reduzierten Raumtemperatur-Sollwerts", "Aussentemperaturgrenze für Anhebung des reduzierte Aussentemperatur-Sollwerts auf den normalen Raumtemperatur-Sollwert"
1165 : O3EByteVal(1, "BackendConnectionStatus"),
1166 : RawCodec(5, "ResetDtcHistory"),
1167 : O3EInt16(2, "ExternalDomesticHotWaterTemperatureSetpoint", signed=True),
1175 : O3EByteVal(1, "AcknowledgeInfoAlarmMessage"),
1177 : O3EByteVal(1, "AcknowledgeServiceAlarmMessage"),
1178 : O3EByteVal(1, "AcknowledgeErrorAlarmMessage"),
1190 : O3EInt16(4, "ThermalPower"),
1192 : O3EComplexType(10, "MixerOneCircuitFlowTemperatureMinimumMaximumLimit", [O3EInt16(2, "Minimum", signed=True), O3EInt16(2, "Maximum", signed=True), RawCodec(6, "Unknown")]),
1193 : O3EComplexType(10, "MixerTwoCircuitFlowTemperatureMinimumMaximumLimit", [O3EInt16(2, "Minimum", signed=True), O3EInt16(2, "Maximum", signed=True), RawCodec(6, "Unknown")]),
1194 : O3EComplexType(10, "MixerThreeCircuitFlowTemperatureMinimumMaximumLimit", [O3EInt16(2, "Minimum", signed=True), O3EInt16(2, "Maximum", signed=True), RawCodec(6, "Unknown")]),
1195 : O3EComplexType(10, "MixerFourCircuitFlowTemperatureMinimumMaximumLimit", [O3EInt16(2, "Minimum", signed=True), O3EInt16(2, "Maximum", signed=True), RawCodec(6, "Unknown")]),
1211 : O3EComplexType(24, "GeneratedCentralHeatingOutput", [O3EInt32(4, "Today", scale=10), O3EInt32(4, "Week", scale=10), O3EInt32(4, "CurrentMonth", scale=10), O3EInt32(4, "PastMonth", scale=10), O3EInt32(4, "CurrentYear", scale=10), O3EInt32(4, "PastYear", scale=10)]),
1232 : O3EEnum(1, "GenericDigitalInputConfigurationOnBoardOne", "DigitalInputConfigurations"),
1233 : RawCodec(68, "GatewayRemoteVisibleOneTwo"),
1234 : RawCodec(68, "GatewayRemoteVisibleThreeFour"),
1235 : RawCodec(68, "GatewayRemoteVisibleFiveSix"),
1236 : RawCodec(68, "GatewayRemoteVisibleSevenEight"),
1237 : RawCodec(68, "GatewayRemoteVisibleNineTen"),
1238 : RawCodec(31, "AvailableActorSensorComponents"),
1239 : RawCodec(2, "ActorSensorTest"),
1240 : O3EByteVal(1, "CentralHeatingPumpMode"),
1241 : O3EByteVal(1, "MixerOneCircuitPumpMode"),
1242 : O3EByteVal(1, "MixerTwoCircuitPumpMode"),
1243 : O3EByteVal(1, "MixerThreeCircuitPumpMode"),
1244 : O3EByteVal(1, "MixerFourCircuitPumpMode"),
1286 : O3EList(181, "BusTopologyMatrixTwo", [O3EInt8(1, "Count"), O3EComplexType(36, "TopologyElement",[O3EByteVal(1, "NodeID"), O3EEnum(1, "BusType", "BusTypes"), O3EByteVal(1, "DeviceProperty"), O3EByteVal(1, "DeviceFunction"), O3ESoftVers(8, "SW-Version"), O3ESoftVers(8, "HW-Version"), O3EUtf8(16, "VIN")])]),
1287 : O3EList(181, "BusTopologyMatrixThree", [O3EInt8(1, "Count"), O3EComplexType(36, "TopologyElement",[O3EByteVal(1, "NodeID"), O3EEnum(1, "BusType", "BusTypes"), O3EByteVal(1, "DeviceProperty"), O3EByteVal(1, "DeviceFunction"), O3ESoftVers(8, "SW-Version"), O3ESoftVers(8, "HW-Version"), O3EUtf8(16, "VIN")])]),
1288 : O3EList(181, "BusTopologyMatrixFour", [O3EInt8(1, "Count"), O3EComplexType(36, "TopologyElement",[O3EByteVal(1, "NodeID"), O3EEnum(1, "BusType", "BusTypes"), O3EByteVal(1, "DeviceProperty"), O3EByteVal(1, "DeviceFunction"), O3ESoftVers(8, "SW-Version"), O3ESoftVers(8, "HW-Version"), O3EUtf8(16, "VIN")])]),
1289 : O3EList(181, "BusTopologyMatrixFive", [O3EInt8(1, "Count"), O3EComplexType(36, "TopologyElement",[O3EByteVal(1, "NodeID"), O3EEnum(1, "BusType", "BusTypes"), O3EByteVal(1, "DeviceProperty"), O3EByteVal(1, "DeviceFunction"), O3ESoftVers(8, "SW-Version"), O3ESoftVers(8, "HW-Version"), O3EUtf8(16, "VIN")])]),
1290 : RawCodec(4, "DomesticHotWaterShiftLoadPump"),
1294 : O3EComplexType(124, "EnergyConsumptionCentralHeatingMonthMatrix",[
1311 : O3EComplexType(124, "EnergyConsumptionDomesticHotWaterMonthMatrix",[
1312 : O3EComplexType(124, "EnergyConsumptionCoolingMonthMatrix",[
1315 : O3EComplexType(124, "GeneratedCentralHeatingOutputMonthMatrix",[
1316 : O3EComplexType(96,"EnergyConsumptionCentralHeatingYearMatrix",[O3EList(48, "CurrentYear", [O3EInt32(4, "01_January", scale=10), O3EInt32(4, "02_February", scale=10), O3EInt32(4, "03_March", scale=10), O3EInt32(4, "04_April", scale=10), O3EInt32(4, "05_May", scale=10), O3EInt32(4, "06_June", scale=10),
1333 : O3EComplexType(96, "EnergyConsumptionDomesticHotWaterYearMatrix",[O3EList(48, "CurrentYear", [O3EInt32(4, "01_January", scale=10), O3EInt32(4, "02_February", scale=10), O3EInt32(4, "03_March", scale=10), O3EInt32(4, "04_April", scale=10), O3EInt32(4, "05_May", scale=10), O3EInt32(4, "06_June", scale=10),
1334 : O3EComplexType(96, "EnergyConsumptionCoolingYearMatrix", [O3EList(48, "CurrentYear", [O3EInt32(4, "01_January", scale=10), O3EInt32(4, "02_February", scale=10), O3EInt32(4, "03_March", scale=10), O3EInt32(4, "04_April", scale=10), O3EInt32(4, "05_May", scale=10), O3EInt32(4, "06_June", scale=10),
1337 : O3EComplexType(96, "GeneratedCentralHeatingOutputYearMatrix", [
1338 : RawCodec(31, "ScreedDryingProfileDefinition"),
1339 : O3EByteVal(1, "MalfunctionHeatingUnitBlocked"),
1364 : O3EByteVal(1, "GenericSdioAccessoryOneModulFunction"),
1391 : O3EComplexType(24, "GeneratedDomesticHotWaterOutput", [O3EInt32(4, "Today", scale=10), O3EInt32(4, "Week", scale=10), O3EInt32(4, "CurrentMonth", scale=10), O3EInt32(4, "PastMonth", scale=10), O3EInt32(4, "CurrentYear", scale=10), O3EInt32(4, "PastYear", scale=10)]),
1392 : O3EComplexType(124, "GeneratedDomesticHotWaterOutputMonthMatrix",[
1393 : O3EComplexType(96, "GeneratedDomesticHotWaterOutputYearMatrix", [
1394 : O3EInt16(2, "SolarChargingDomesticHotWaterSetpoint", signed=True),
1395 : O3EInt16(3, "MixerOneCircuitSummerSavingTemperatureThreshold", offset = 1),
1396 : O3EInt16(3, "MixerTwoCircuitSummerSavingTemperatureThreshold", offset = 1),
1397 : O3EInt16(3, "MixerThreeCircuitSummerSavingTemperatureThreshold", offset = 1),
1398 : O3EInt16(3, "MixerFourCircuitSummerSavingTemperatureThreshold", offset = 1),
1415 : O3EComplexType(2, "MixerOneCircuitOperationState",[O3EEnum(1,"Mode","OpModes"),O3EEnum(1,"State","OpStates")]),
1416 : O3EComplexType(2, "MixerTwoCircuitOperationState",[O3EEnum(1,"Mode","OpModes"),O3EEnum(1,"State","OpStates")]),
1417 : O3EComplexType(2, "MixerThreeCircuitOperationState",[O3EEnum(1,"Mode","OpModes"),O3EEnum(1,"State","OpStates")]),
1418 : O3EComplexType(2, "MixerFourCircuitOperationState",[O3EEnum(1,"Mode","OpModes"),O3EEnum(1,"State","OpStates")]),
1439 : RawCodec(41, "NoiseReductionTimeScheduleMonday"),
1440 : RawCodec(41, "NoiseReductionTimeScheduleTuesday"),
1441 : RawCodec(41, "NoiseReductionTimeScheduleWednesday"),
1442 : RawCodec(41, "NoiseReductionTimeScheduleThursday"),
1443 : RawCodec(41, "NoiseReductionTimeScheduleFriday"),
1444 : RawCodec(41, "NoiseReductionTimeScheduleSaturday"),
1445 : RawCodec(41, "NoiseReductionTimeScheduleSunday"),
1467 : RawCodec(2, "SafetyRelevantRemoteUnlock"),
1469 : RawCodec(31, "SensorActuatorTestGroupHeatEngine"),
1470 : RawCodec(31, "SensorActuatorTestGroupDomesticHotWater"),
1472 : RawCodec(31, "SensorActuatorTestGroupHeatingCircuit"),
1473 : RawCodec(31, "SensorActuatorTestGroupSolar"),
1494 : O3ESoftVers(8, "OemProductVersion"),
1504 : O3EEnum(1, "TimeSettingSource", "TimeSettingSources"),
1529 : O3EByteVal(1, "SolarRechargeSuppressionImpact"),
1533 : RawCodec(2, "InstallationWizardInProgress"),
1536 : RawCodec(3, "PrimaryCircuitWaterFlowTestMode"),
1537 : RawCodec(3, "ChimneySweeperTestMode"),
1538 : O3EByteVal(1, "ZigbeeEnable"),
1539 : O3EByteVal(1, "ZigbeeStatus"),
1540 : RawCodec(26, "ZigbeeIdentification"),
1549 : RawCodec(97, "HydraulicMatrixConfiguration"),
1553 : RawCodec(8, "ElectronicControlUnitOdxVersion"),
1555 : RawCodec(6, "MixerOneCircuitFixedValueFlowTemperatureSetpoint"),
1556 : RawCodec(6, "MixerTwoCircuitFixedValueFlowTemperatureSetpoint"),
1557 : RawCodec(6, "MixerThreeCircuitFixedValueFlowTemperatureSetpoint"),
1558 : RawCodec(6, "MixerFourCircuitFixedValueFlowTemperatureSetpoint"),
1595 : RawCodec(8, "ParameterIdentificationVersionFactory"),
1607 : O3EByteVal(1, "MalfunctionUnitBlocked"),
1612 : O3EComplexType(2, "ExternalMixerTwoCircuitTargetOperationMode",[O3EByteVal(1,"Mode"),O3EByteVal(1,"State")]),
1613 : O3EComplexType(2, "ExternalMixerThreeCircuitTargetOperationMode",[O3EByteVal(1,"Mode"),O3EByteVal(1,"State")]),
1614 : O3EComplexType(2, "ExternalMixerFourCircuitTargetOperationMode",[O3EByteVal(1,"Mode"),O3EByteVal(1,"State")]),
1627 : O3EInt16(2, "ExternalMixerOneCircuitFixedValueTargetTemperatureSetpoint", scale = 10, signed=True),
1628 : O3EInt16(2, "ExternalMixerTwoCircuitFixedValueTargetTemperatureSetpoint", scale = 10, signed=True),
1629 : O3EInt16(2, "ExternalMixerThreeCircuitFixedValueTargetTemperatureSetpoint", scale = 10, signed=True),
1630 : O3EInt16(2, "ExternalMixerFourCircuitFixedValueTargetTemperatureSetpoint", scale = 10, signed=True),
1643 : O3EInt16(2, "MixerOneCircuitCurrentTemperatureSetpoint", scale = 10, signed=True),
1644 : O3EInt16(2, "MixerTwoCircuitCurrentTemperatureSetpoint", scale = 10, signed=True),
1645 : O3EInt16(2, "MixerThreeCircuitCurrentTemperatureSetpoint", scale = 10, signed=True),
1646 : O3EInt16(2, "MixerFourCircuitCurrentTemperatureSetpoint", scale = 10, signed=True),
1659 : O3EInt16(3, "EndResultDomesticHotWaterTemperatureSetpoint", scale = 10, signed=True),
1660 : RawCodec(16, "SupportedFeatures"),
1667 : RawCodec(2, "MixerOneCircuitPumpOscillationTime"),
1668 : RawCodec(2, "MixerTwoCircuitPumpOscillationTime"),
1669 : RawCodec(2, "MixerThreeCircuitPumpOscillationTime"),
1670 : RawCodec(2, "MixerFourCircuitPumpOscillationTime"),
1694 : O3EByteVal(1, "GatewayEthernetEnable"),
1695 : RawCodec(21, "GatewayEthernetConfig"),
1696 : RawCodec(20, "GatewayEthernetIp"),
1697 : O3EByteVal(1, "GatewayEthernetNetworkStatus"),
1710 : O3ESoftVers(8, "FunctionalSoftwareVersion"),
1721 : RawCodec(8, "WaterPressureConfiguration"),
1731 : O3EByteVal(1, "ExternalLockActive"),
1768 : O3EComplexType(9, "ReceiverTemperatureSensor", [O3EInt16(2, "Actual", signed=True), O3EInt16(2, "Minimum", signed=True), O3EInt16(2, "Maximum", signed=True), O3EInt16(2, "Average", signed=True), O3EByteVal(1, "Unknown")]),
1769 : O3EComplexType(9, "PrimaryInletTemperatureSensor", [O3EInt16(2, "Actual", signed=True), O3EInt16(2, "Minimum", signed=True), O3EInt16(2, "Maximum", signed=True), O3EInt16(2, "Average", signed=True), O3EByteVal(1, "Unknown")]),
1770 : O3EComplexType(9, "SecondaryOutletTemperatureSensor", [O3EInt16(2, "Actual", signed=True), O3EInt16(2, "Minimum", signed=True), O3EInt16(2, "Maximum", signed=True), O3EInt16(2, "Average", signed=True), O3EByteVal(1, "Unknown")]),
1771 : O3EComplexType(9, "EngineRoomTemperatureSensor", [O3EInt16(2, "Actual", signed=True), O3EInt16(2, "Minimum", signed=True), O3EInt16(2, "Maximum", signed=True), O3EInt16(2, "Average", signed=True), O3EByteVal(1, "Unknown")]),
1772 : O3EComplexType(9, "CompressorOilTemperatureSensor", [O3EInt16(2, "Actual", signed=True), O3EInt16(2, "Minimum", signed=True), O3EInt16(2, "Maximum", signed=True), O3EInt16(2, "Average", signed=True), O3EByteVal(1, "Unknown")]),
1773 : O3EByteVal(1, "RefrigerantCircuitFourWayValve"),
1774 : O3EByteVal(1, "CompressorCrankCaseHeater"),
1775 : O3EByteVal(1, "PrimaryCircuitFanOne"),
1776 : O3EByteVal(1, "PrimaryCircuitFanTwo"),
1786 : RawCodec(52, "TimeSeriesRecordedWaterPressureStagnation"),
1787 : RawCodec(32, "TimeSeriesRecordedWaterPressurePeaks"),
1799 : RawCodec(2, "PrimaryCircuitCurrentTemperatureSetpoint"),
1814 : RawCodec(5, "ReceiverLiquidLevelSensor"),
1815 : O3EInt8(1, "ElectricalHeaterPhaseOne"),
1816 : O3EInt8(1, "ElectricalHeaterPhaseTwo"),
1817 : O3EInt8(1, "ElectricalHeaterPhaseThree"),
1819 : O3EByteVal(1, "SolarPumpConfigurationSelection"),
1842 : RawCodec(2, "SecondaryCircuitFourThreeWayValve"),
1843 : RawCodec(2, "MixerOneCircuitHumidityProtection"),
1844 : RawCodec(2, "MixerTwoCircuitHumidityProtection"),
2233 : O3EByteVal(1, "PersistentStorageStatus"),
2235 : RawCodec(65, "CascadeSystemConfiguration"),
2255 : O3EInt16(2, "MinimumSecondaryReturnTemperatureRefrigerantCircuit", signed=True),
2256 : O3EInt16(2, "DesiredThermalEnergyDefrost"),
2257 : O3EInt16(2, "DomesticHotWaterTemperatureSetpointOffset", signed=True),
2259 : O3EByteVal(1, "RefrigerationCircuitStatus"),
2320 : O3EByteVal(1, "DomesticHotWaterStatus"),
2330 : O3EEnum(1, "GenericDigitalInputConfigurationOnBoardTwo", "DigitalInputConfigurations"),
2331 : O3EEnum(1, "GenericDigitalInputConfigurationOnBoardThree", "DigitalInputConfigurations"),
2332 : O3EEnum(1, "GenericDigitalInputConfigurationOnBoardFour", "DigitalInputConfigurations"),
2333 : O3EComplexType(9, "EconomizerLiquidTemperatureSensor", [O3EInt16(2, "Actual", signed=True), O3EInt16(2, "Minimum", signed=True), O3EInt16(2, "Maximum", signed=True), O3EInt16(2, "Average", signed=True), O3EByteVal(1, "Unknown")]),
2334 : O3EComplexType(9, "EvaporatorVaporTemperatureSensor", [O3EInt16(2, "Actual", signed=True), O3EInt16(2, "Minimum", signed=True), O3EInt16(2, "Maximum", signed=True), O3EInt16(2, "Average", signed=True), O3EByteVal(1, "Unknown")]),
2340 : RawCodec(2, "ElectricalHeaterConfiguration"),
2341 : RawCodec(4, "CoefficientOfPerformanceConfiguration"),
2342 : O3EInt16(4, "NominalThermalCapacityHeating", scale = 1),
2343 : O3EInt16(4, "NominalThermalCapacityCooling", scale = 1),
2346 : O3EInt8(1, "CompressorSpeedPercent"),
2350 : O3EByteVal(1, "EnergyManagmentSystemResultingControlState"),
2351 : O3EInt8(2, "HeatPumpCompressor", offset = 0),
2352 : RawCodec(2, "AdditionalElectricHeater"),
2369 : O3EComplexType(14, "HeatPumpCompressorStatistical",[RawCodec(6, "Unknown1"), O3EInt16(2, "starts", scale=1), RawCodec(2, "Unknown2"), O3EInt16(2, "hours", scale=1), RawCodec(2, "Unknown3")]),
2370 : O3EComplexType(11, "AdditionalElectricHeaterStatistical",[RawCodec(3, "Unknown1"), O3EInt16(2, "starts", scale=1), RawCodec(2, "Unknown2"), O3EInt16(2, "hours", scale=1), RawCodec(2, "Unknown3")]),
2404 : RawCodec(6, "BivalenceControlMode"),
2405 : RawCodec(6, "MixerOneCircuitConstantFlowSetTemperatureCooling"),
2406 : RawCodec(6, "MixerTwoCircuitConstantFlowSetTemperatureCooling"),
2407 : RawCodec(6, "MixerThreeCircuitConstantFlowSetTemperatureCooling"),
2408 : RawCodec(6, "MixerFourCircuitConstantFlowSetTemperatureCooling"),
2409 : RawCodec(12, "MixerOneCircuitMinimumMaximumFlowSetTemperatureCooling"),
2410 : RawCodec(12, "MixerTwoCircuitMinimumMaximumFlowSetTemperatureCooling"),
2411 : RawCodec(12, "MixerThreeCircuitMinimumMaximumFlowSetTemperatureCooling"),
2412 : RawCodec(12, "MixerFourCircuitMinimumMaximumFlowSetTemperatureCooling"),
2413 : RawCodec(4, "MixerOneCircuitThresholdCooling"),
2414 : RawCodec(4, "MixerTwoCircuitThresholdCooling"),
2415 : RawCodec(4, "MixerThreeCircuitThresholdCooling"),
2416 : RawCodec(4, "MixerFourCircuitThresholdCooling"),
2417 : RawCodec(6, "MixerOneCircuitTargetValueRelativeHumidityCooling"),
2418 : RawCodec(6, "MixerTwoCircuitTargetValueRelativeHumidityCooling"),
2419 : RawCodec(6, "MixerThreeCircuitTargetValueRelativeHumidityCooling"),
2420 : RawCodec(6, "MixerFourCircuitTargetValueRelativeHumidityCooling"),
2421 : RawCodec(2, "MixerOneCircuitTemperatureOffsetCooling"),
2422 : RawCodec(2, "MixerTwoCircuitTemperatureOffsetCooling"),
2423 : RawCodec(2, "MixerThreeCircuitTemperatureOffsetCooling"),
2424 : RawCodec(2, "MixerFourCircuitTemperatureOffsetCooling"),
2426 : O3EComplexType(6, "MixerOneCircuitRoomEcoFunctionSettings",  [O3EBool(1,"State"), O3EInt16(2, "OutsideTemperatureLimit", scale=10.0, signed=True),O3EByteVal(1,"Unkown"), O3EInt16(2, "RoomTemperatureLimit", scale=10.0, signed=True)]),
2427 : O3EComplexType(6, "MixerTwoCircuitRoomEcoFunctionSettings",  [O3EBool(1,"State"), O3EInt16(2, "OutsideTemperatureLimit", scale=10.0, signed=True),O3EByteVal(1,"Unkown"), O3EInt16(2, "RoomTemperatureLimit", scale=10.0, signed=True)]),
2428 : O3EComplexType(6, "MixerThreeCircuitRoomEcoFunctionSettings",[O3EBool(1,"State"), O3EInt16(2, "OutsideTemperatureLimit", scale=10.0, signed=True),O3EByteVal(1,"Unkown"), O3EInt16(2, "RoomTemperatureLimit", scale=10.0, signed=True)]),
2429 : O3EComplexType(6, "MixerFourCircuitRoomEcoFunctionSettings", [O3EBool(1,"State"), O3EInt16(2, "OutsideTemperatureLimit", scale=10.0, signed=True),O3EByteVal(1,"Unkown"), O3EInt16(2, "RoomTemperatureLimit", scale=10.0, signed=True)]),
2452 : RawCodec(4, "MixerOneCircuitRoomTemperatureThresholdCooling"),
2453 : RawCodec(4, "MixerTwoCircuitRoomTemperatureThresholdCooling"),
2454 : RawCodec(4, "MixerThreeCircuitRoomTemperatureThresholdCooling"),
2455 : RawCodec(4, "MixerFourCircuitRoomTemperatureThresholdCooling"),
2457 : O3EComplexType(9, "CalculatedOutsideTemperature", [O3EInt16(2, "DampedActual", signed=True), O3EInt16(2, "DampedMin", signed=True), O3EInt16(2, "DampedMax", signed=True), O3EInt16(2, "DampedAverage", signed=True), RawCodec(1, "Unknown")]),
2479 : RawCodec(5, "MixerOneCircuitRoomAirHumiditySensor"),
2480 : RawCodec(5, "MixerTwoCircuitRoomAirHumiditySensor"),
2481 : RawCodec(5, "MixerThreeCircuitRoomAirHumiditySensor"),
2482 : RawCodec(5, "MixerFourCircuitRoomAirHumiditySensor"),
2484 : RawCodec(8, "ElectricalPowerRangeMetaData"),
2486 : O3EInt16(4, "CurrentElectricalPowerConsumptionRefrigerantCircuit", scale = 1),
2487 : O3EInt16(4, "CurrentElectricalPowerConsumptionElectricHeater", scale = 1),
2488 : O3EInt16(4, "CurrentElectricalPowerConsumptionSystem", scale = 1),
2494 : O3EInt16(4, "CurrentThermalCapacityRefrigerantCircuit", scale = 1),
2495 : O3EInt16(4, "CurrentThermalCapacityElectricHeater", scale = 1),
2496 : O3EInt16(4, "CurrentThermalCapacitySystem", scale = 1),
2498 : O3EByteVal(1, "CentralHeatingPumpType"),
2499 : O3EByteVal(1, "MixerOneCircuitPumpType"),
2500 : O3EByteVal(1, "MixerTwoCircuitPumpType"),
2501 : O3EByteVal(1, "MixerThreeCircuitPumpType"),
2502 : O3EByteVal(1, "MixerFourCircuitPumpType"),
2515 : O3EComplexType(124, "EnergyConsumptionDomesticHotWaterMonthMatrixElectricHeater", [
2516 : O3EComplexType(96, "EnergyConsumptionDomesticHotWaterYearMatrixElectricHeater",  [
2517 : O3EComplexType(24, "EnergyConsumptionDomesticHotWaterElectricHeater", [O3EInt32(4, "Today", scale=10), O3EInt32(4, "Week", scale=10), O3EInt32(4, "CurrentMonth", scale=10), O3EInt32(4, "PastMonth", scale=10), O3EInt32(4, "CurrentYear", scale=10), O3EInt32(4, "PastYear", scale=10)]),
2524 : O3EComplexType(124, "EnergyConsumptionCentralHeatingMonthMatrixElectricHeater", [
2525 : O3EComplexType(96, "EnergyConsumptionCentralHeatingYearMatrixElectricHeater",  [
2526 : O3EComplexType(24, "EnergyConsumptionCentralHeatingElectricHeater", [O3EInt32(4, "Today", scale=10), O3EInt32(4, "Week", scale=10), O3EInt32(4, "CurrentMonth", scale=10), O3EInt32(4, "PastMonth", scale=10), O3EInt32(4, "CurrentYear", scale=10), O3EInt32(4, "PastYear", scale=10)]),
2527 : O3EComplexType(124, "GeneratedCoolingOutputMonthMatrix",[
2528 : O3EComplexType(96, "GeneratedCoolingOutputYearMatrix", [
2529 : O3EComplexType(24, "GeneratedCoolingOutput", [O3EInt32(4, "Today", scale=10), O3EInt32(4, "Week", scale=10), O3EInt32(4, "CurrentMonth", scale=10), O3EInt32(4, "PastMonth", scale=10), O3EInt32(4, "CurrentYear", scale=10), O3EInt32(4, "PastYear", scale=10)]),
2540 : RawCodec(6, "NoiseReductionSettings"),
2543 : RawCodec(10, "SmartGridTemperatureOffsets"),
2544 : O3EByteVal(1, "EnableElectricalHeaterSmartGridLock"),
2545 : O3EByteVal(1, "EnableElectricalHeaterSmartGridIncreaseMaxDemand"),
2546 : O3EComplexType(9, "MixerOneCircuitRoomTemperatureSetpointCooling", [O3EInt16(2, "Actual", signed=True), O3EInt16(2, "Minimum", signed=True), O3EInt16(2, "Maximum", signed=True), O3EInt16(2, "Average", signed=True), O3EByteVal(1, "Unknown")]),
2547 : O3EComplexType(9, "MixerTwoCircuitRoomTemperatureSetpointCooling", [O3EInt16(2, "Actual", signed=True), O3EInt16(2, "Minimum", signed=True), O3EInt16(2, "Maximum", signed=True), O3EInt16(2, "Average", signed=True), O3EByteVal(1, "Unknown")]),
2548 : O3EComplexType(9, "MixerThreeCircuitRoomTemperatureSetpointCooling", [O3EInt16(2, "Actual", signed=True), O3EInt16(2, "Minimum", signed=True), O3EInt16(2, "Maximum", signed=True), O3EInt16(2, "Average", signed=True), O3EByteVal(1, "Unknown")]),
2549 : O3EComplexType(9, "MixerFourCircuitRoomTemperatureSetpointCooling", [O3EInt16(2, "Actual", signed=True), O3EInt16(2, "Minimum", signed=True), O3EInt16(2, "Maximum", signed=True), O3EInt16(2, "Average", signed=True), O3EByteVal(1, "Unknown")]),
2555 : RawCodec(4, "ElectricalPowerSetPoint"),
2556 : RawCodec(4, "ElectricalEnergyRemainingCapacity"),
2557 : O3EByteVal(1, "HeatPumpState"),
2558 : RawCodec(3, "HeatPumpSupportedStates"),
2560 : O3EByteVal(1, "SmartGridFeatureSelection"),
2569 : O3EInt16(2, "CompressorSpeedRps", scale = 10),
2573 : RawCodec(2, "CompressorOnTimer"),
2574 : O3EInt16(8, "NominalPowerElectricalHeater", scale = 1),
2582 : RawCodec(2, "CompressorOffTimer"),
2586 : RawCodec(2, "DigitalOutputCooling"),
2593 : RawCodec(181, "ProductMatrix"),
2611 : RawCodec(4, "NominalThermalCapacityIndoorUnit"),
2622 : O3EInt16(9, "SeasonalCoefficientOfPerformaceHeating"),
2623 : O3EInt16(9, "SeasonalEnergyEfficiencyRatioCooling"),
2624 : O3EInt16(9, "SeasonalCoefficientOfPerformaceDomesticHotWater"),
2625 : O3EInt16(9, "SeasonalCoefficientOfPerformaceHeatingAndDomesticHotWater"),
2626 : O3EInt16(4, "MaximumPowerElectricalHeater", scale = 1),
2629 : O3EInt16(4, "DesiredThermalCapacity", scale = 1),
2634 : O3EByteVal(1, "NoiseReductionMode"),
2733 : RawCodec(3, "InstallationConfirmation"),
2735 : O3EByteVal(1, "FourThreeWayValveValveCurrentPosition"),
2741 : RawCodec(3, "ComfortEnsuringMode"),
2742 : O3EInt8(1, "DiagnosticHydraulicFilterInterval"),
2743 : O3EInt8(1, "DiagnosticElectricalHeaterSafetyTemperatureLimiter"),
2744 : O3EInt8(1, "DiagnosticSecondaryFourThreeWayValve"),
2745 : O3EInt8(1, "DiagnosticHydraulicFilterContamination"),
2746 : O3EInt8(1, "DiagnosticHydraulicSafetyValve"),
2750 : O3EInt8(1, "DiagnosticHydraulicTemperatureSensors"),
2767 : O3EInt8(1, "DiagnosticMonitoringPressureDrop"),
2768 : O3EInt8(1, "DiagnosticMonitoringPressurePeaks"),
2776 : RawCodec(181, "ProductMatrixTwo"),
2777 : RawCodec(8, "PrimaryBootLoaderVersion"),
2784 : O3EInt16(9, "SecondaryHeatExchangerVaporPressureSensor", scale = 100),
2791 : O3EInt8(5, "CentralHeatingPumpStatus"),
2792 : O3EInt8(5, "MixerOneCircuitPumpStatus"),
2793 : O3EInt8(5, "MixerTwoCircuitPumpStatus"),
2794 : O3EInt8(5, "MixerThreeCircuitPumpStatus"),
2795 : O3EInt8(5, "MixerFourCircuitPumpStatus"),
2796 : RawCodec(2, "ExternalHeaterConfiguration"),
2806 : O3EComplexType(2, "RefrigerationCircuitOperationMode",[O3EByteVal(1,"Mode"),O3EByteVal(1,"State")]),
2829 : RawCodec(20, "ProductIdentification"),
2831 : RawCodec(2, "BivalenceControlAlternativeTemperature"),
2853 : RawCodec(2, "ExternalHeaterTimeIntegralThershold"),
2855 : O3EInt16(3, "MixerOneCircuitFrostProtectionConfiguration", signed=True, offset = 1),
2856 : O3EInt16(3, "MixerTwoCircuitFrostProtectionConfiguration", signed=True, offset = 1),
2857 : O3EInt16(3, "MixerThreeCircuitFrostProtectionConfiguration", signed=True, offset = 1),
2858 : O3EInt16(3, "MixerFourCircuitFrostProtectionConfiguration", signed=True, offset = 1),
2879 : RawCodec(2, "MixerOneCircuitHeatingBlocked"),
2880 : RawCodec(2, "MixerTwoCircuitHeatingBlocked"),
2894 : O3EByteVal(1, "RefrigerantCycleAvailability"),
2920 : RawCodec(2, "ExternalHeaterSpecification"),
2921 : RawCodec(2, "DiagnosticHydraulicFilterIntervalSettings"),
2922 : RawCodec(2, "DiagnosticHydraulicFilterIntervalTemporalSettings"),
2923 : RawCodec(6, "DiagnosticSecondaryFourThreeWayValveSettings"),
2924 : RawCodec(4, "DiagnosticHydraulicFilterContaminationSettings"),
2925 : RawCodec(2, "DiagnosticMonitoringPressurePeaksSettings"),
2926 : RawCodec(6, "DiagnosticMonitoringPressureDropSettings"),
2932 : RawCodec(4, "TimeCounterSinceLastReset"),
2940 : RawCodec(3, "ExternalHeaterDelayTimer"),
2942 : RawCodec(137, "ListOfLayerSettingServiceDevices"),
2944 : O3EByteVal(1, "NodeIdOnExternalCan"),
2952 : RawCodec(137, "ListOfLayerSettingServiceDevicesTwo"),
2953 : RawCodec(10, "CascadeSystemConfigurationArray"),
2969 : O3EByteVal(1, "ElectronicControlUnitSafeStateStatus"),
2985 : RawCodec(2, "ExternalHeaterTemperatureSetpoint"),
2986 : O3EByteVal(1, "ExternalHeaterOperationState"),
3000 : RawCodec(115, "EcuResetInformationList"),
3013 : RawCodec(2, "MixerHybridThreeWayValvePositionPercent"),
3014 : O3EComplexType(9, "OutdoorMiddleCoilTemperatureSensor", [O3EInt16(2, "Actual", signed=True), O3EInt16(2, "Minimum", signed=True), O3EInt16(2, "Maximum", signed=True), O3EInt16(2, "Average", signed=True), O3EByteVal(1, "Unknown")]),
3015 : O3EComplexType(9, "HeatSinkTemperatureSensor", [O3EInt16(2, "Actual", signed=True), O3EInt16(2, "Minimum", signed=True), O3EInt16(2, "Maximum", signed=True), O3EInt16(2, "Average", signed=True), O3EByteVal(1, "Unknown")]),
3016 : O3EComplexType(9, "HeatingBufferTemperatureSensor", [O3EInt16(2, "Actual", signed=True), O3EInt16(2, "Minimum", signed=True), O3EInt16(2, "Maximum", signed=True), O3EInt16(2, "Average", signed=True), O3EByteVal(1, "Unknown")]),
3017 : O3EComplexType(9, "CoolingBufferTemperatureSensor", [O3EInt16(2, "Actual", signed=True), O3EInt16(2, "Minimum", signed=True), O3EInt16(2, "Maximum", signed=True), O3EInt16(2, "Average", signed=True), O3EByteVal(1, "Unknown")]),
3018 : O3EComplexType(9, "HeatingCoolingBufferTemperatureSensor", [O3EInt16(2, "Actual", signed=True), O3EInt16(2, "Minimum", signed=True), O3EInt16(2, "Maximum", signed=True), O3EInt16(2, "Average", signed=True), O3EByteVal(1, "Unknown")]),
3029 : O3EByteVal(1, "DomesticHotWaterEfficiencyMode"),
3030 : RawCodec(2, "DomesticHotWaterEfficiencyModeAvailability"),
3031 : RawCodec(2, "ExternalHeater"),
3032 : RawCodec(2, "PrimaryEnergyFactorElectricity"),
3034 : O3EComplexType(9, "DomesticHotWaterReturnTemperaturTankLoadSystem", [O3EInt16(2, "Actual", signed=True), O3EInt16(2, "Minimum", signed=True), O3EInt16(2, "Maximum", signed=True), O3EInt16(2, "Average", signed=True), O3EByteVal(1, "Unknown")]),
3035 : O3EComplexType(9, "DomesticHotWaterFlowTemperaturTankLoadSystem", [O3EInt16(2, "Actual", signed=True), O3EInt16(2, "Minimum", signed=True), O3EInt16(2, "Maximum", signed=True), O3EInt16(2, "Average", signed=True), O3EByteVal(1, "Unknown")]),
3036 : RawCodec(2, "PrimaryEnergyFactorExternalHeater"),
3037 : RawCodec(57, "ElectricityPriceTimeScheduleMonday"),
3038 : RawCodec(57, "ElectricityPriceTimeScheduleTuesday"),
3039 : RawCodec(57, "ElectricityPriceTimeScheduleWednesday"),
3040 : RawCodec(57, "ElectricityPriceTimeScheduleThursday"),
3041 : RawCodec(57, "ElectricityPriceTimeScheduleFriday"),
3042 : RawCodec(57, "ElectricityPriceTimeScheduleSaturday"),
3043 : RawCodec(57, "ElectricityPriceTimeScheduleSunday"),
3066 : RawCodec(4, "DomesticHotWaterHighDemandDetection"),
3068 : RawCodec(2, "DomesticHotWaterTemperatureSetpointComfort"),
3069 : O3EByteVal(1, "DomesticHotWaterSensorForDemand"),
3070 : O3EByteVal(1, "BufferTargetOperationMode"),
3091 : O3EByteVal(1, "GatewayEthernetTwoEnable"),
3092 : RawCodec(21, "GatewayEthernetTwoConfig"),
3093 : RawCodec(20, "GatewayEthernetTwoIp"),
3094 : O3EByteVal(1, "GatewayEthernetTwoNetworkStatus"),
3095 : RawCodec(6, "MacAddressLanTwo"),
3096 : O3EByteVal(1, "GatewayWifiStationEnable"),
3097 : O3EByteVal(1, "GatewayInternetAccess"),
3098 : RawCodec(2, "ExternalHeaterTemperatureOffset"),
3106 : RawCodec(4, "BufferMinimumMaximumSetTemperature"),
3113 : RawCodec(8, "DeviceDigitalOutputOneValueStatistical"),
3114 : RawCodec(8, "DeviceDigitalOutputTwoValueStatistical"),
3155 : RawCodec(5, "DomesticHotWaterShiftLoadPumpStatus"),
3156 : O3EByteVal(1, "DomesticHotWaterShiftLoadPumpType"),
