256 : O3EComplexType(36, "BusIdentification", [O3EByteVal(1, "BusAddress"), O3EEnum(1, "BusType", "BusTypes"), O3EEnum(1, "DeviceProperty","Devices"), O3EEnum(1, "DeviceFunction","Devices"), O3ESoftVers(8, "SW-Version"), O3ESoftVers(8, "HW-Version"), O3EUtf8(16, "VIN")]),
257 : O3EList(122, "StatusDtcList", [O3EByteVal(2, "Count"), O3EComplexType(12, "ListEntries",[O3EEnum(2,"State","States"), O3EDateTime(8, "DateTime"),O3EByteVal(2, "Unknown")] )]),
258 : O3EList(122, "StatusDtcHistory", [O3EByteVal(2, "Count"), O3EComplexType(12, "ListEntries",[O3EEnum(2,"State","States"), O3EDateTime(8, "DateTime"),O3EByteVal(2, "Unknown")] )]),
259 : O3EList(122, "InfoDtcList", [O3EByteVal(2, "Count"), O3EComplexType(12, "ListEntries",[O3EEnum(2,"Info","Infos"), O3EDateTime(8, "DateTime"),O3EByteVal(2, "Unknown")] )]),
260 : O3EList(122, "InfoDtcHistory", [O3EByteVal(2, "Count"), O3EComplexType(12, "ListEntries",[O3EEnum(2,"Info","Infos"), O3EDateTime(8, "DateTime"),O3EByteVal(2, "Unknown")] )]),
261 : O3EList(122, "ServiceDtcList", [O3EByteVal(2, "Count"), O3EComplexType(12, "ListEntries",[O3EEnum(2,"Service","Services"), O3EDateTime(8, "DateTime"),O3EByteVal(2, "Unknown")] )]),
262 : O3EList(122, "ServiceDtcHistory", [O3EByteVal(2, "Count"), O3EComplexType(12, "ListEntries",[O3EEnum(2,"Service","Services"), O3EDateTime(8, "DateTime"),O3EByteVal(2, "Unknown")] )]),
263 : O3EList(122, "WarningDtcList", [O3EByteVal(2, "Count"), O3EComplexType(12, "ListEntries",[O3EEnum(2,"Warning","Warnings"), O3EDateTime(8, "DateTime"),O3EByteVal(2, "Unknown")] )]),
264 : O3EList(124, "WarningDtcHistory", [O3EByteVal(2, "Count"), O3EByteVal(2, "GrandTotal"), O3EComplexType(12, "ListEntries",[O3EEnum(2,"Warning","Warnings"), O3EDateTime(8, "DateTime"),O3EByteVal(2, "Unknown")] )]),
265 : O3EList(122, "ErrorDtcList", [O3EByteVal(2, "Count"), O3EComplexType(12, "ListEntries",[O3EEnum(2,"Error","Errors"), O3EDateTime(8, "DateTime"), O3EByteVal(2, "Unknown")] )]),
266 : O3EList(124, "ErrorDtcHistory", [O3EByteVal(2, "Count"), O3EByteVal(2, "GrandTotal"), O3EComplexType(12, "ListEntries",[O3EEnum(2,"Error","Errors"), O3EDateTime(8, "DateTime"), O3EByteVal(2, "Unknown")] )]),
268 : O3EComplexType(9, "FlowTemperatureSensor", [O3EInt16(2, "Actual", signed=True), O3EInt16(2, "Minimum", signed=True), O3EInt16(2, "Maximum", signed=True), O3EInt16(2, "Average", signed=True), O3EByteVal(1, "Unknown")]),
271 : O3EComplexType(9, "DomesticHotWaterSensor", [O3EInt16(2, "Actual", signed=True), O3EInt16(2, "Minimum", signed=True), O3EInt16(2, "Maximum", signed=True), O3EInt16(2, "Average", signed=True), O3EByteVal(1, "Unknown")]),
272 : RawCodec(10, "DomesticHotWaterFlowSensor"),
273 : O3EComplexType(9, "SolarRoofTemperatureSensor", [O3EInt16(2, "Actual", signed=True), O3EInt16(2, "Minimum", signed=True), O3EInt16(2, "Maximum", signed=True), O3EInt16(2, "Average", signed=True), O3EByteVal(1, "Unknown")]),
274 : O3EComplexType(9, "OutsideTemperatureSensor", [O3EInt16(2, "Actual", signed=True), O3EInt16(2, "Average", signed=True), O3EInt16(2, "Minimum", signed=True), O3EInt16(2, "Maximum", signed=True), O3EByteVal(1, "Unknown")]),
275 : O3EComplexType(9, "SolarBottomTemperatureSensor", [O3EInt16(2, "Actual", signed=True), O3EInt16(2, "Minimum", signed=True), O3EInt16(2, "Maximum", signed=True), O3EInt16(2, "Average", signed=True), O3EByteVal(1, "Unknown")]),
277 : O3EComplexType(9, "BufferBottomTemperatureSensor", [O3EInt16(2, "Actual", signed=True), O3EInt16(2, "Minimum", signed=True), O3EInt16(2, "Maximum", signed=True), O3EInt16(2, "Average", signed=True), O3EByteVal(1, "Unknown")]),
278 : O3EComplexType(9, "BufferMidBottomTemperatureSensor", [O3EInt16(2, "Actual", signed=True), O3EInt16(2, "Minimum", signed=True), O3EInt16(2, "Maximum", signed=True), O3EInt16(2, "Average", signed=True), O3EByteVal(1, "Unknown")]),
279 : O3EComplexType(9, "BufferMidTemperatureSensor", [O3EInt16(2, "Actual", signed=True), O3EInt16(2, "Minimum", signed=True), O3EInt16(2, "Maximum", signed=True), O3EInt16(2, "Average", signed=True), O3EByteVal(1, "Unknown")]),
281 : O3EComplexType(9, "BufferTopTemperatureSensor", [O3EInt16(2, "Actual", signed=True), O3EInt16(2, "Minimum", signed=True), O3EInt16(2, "Maximum", signed=True), O3EInt16(2, "Average", signed=True), O3EByteVal(1, "Unknown")]),
282 : O3EComplexType(9, "HydraulicSeparatorTemperatureSensor", [O3EInt16(2, "Actual", signed=True), O3EInt16(2, "Minimum", signed=True), O3EInt16(2, "Maximum", signed=True), O3EInt16(2, "Average", signed=True), O3EByteVal(1, "Unknown")]),
283 : O3EComplexType(9, "HydraulicSeparatorReturnTemperatureSensor", [O3EInt16(2, "Actual", signed=True), O3EInt16(2, "Minimum", signed=True), O3EInt16(2, "Maximum", signed=True), O3EInt16(2, "Average", signed=True), O3EByteVal(1, "Unknown")]),
284 : O3EComplexType(9, "MixerOneCircuitFlowTemperatureSensor", [O3EInt16(2, "Actual", signed=True), O3EInt16(2, "Minimum", signed=True), O3EInt16(2, "Maximum", signed=True), O3EInt16(2, "Average", signed=True), O3EByteVal(1, "Unknown")]),
286 : O3EComplexType(9, "MixerTwoCircuitFlowTemperatureSensor", [O3EInt16(2, "Actual", signed=True), O3EInt16(2, "Minimum", signed=True), O3EInt16(2, "Maximum", signed=True), O3EInt16(2, "Average", signed=True), O3EByteVal(1, "Unknown")]),
288 : O3EComplexType(9, "MixerThreeCircuitFlowTemperatureSensor", [O3EInt16(2, "Actual", signed=True), O3EInt16(2, "Minimum", signed=True), O3EInt16(2, "Maximum", signed=True), O3EInt16(2, "Average", signed=True), O3EByteVal(1, "Unknown")]),
290 : O3EComplexType(9, "MixerFourCircuitFlowTemperatureSensor", [O3EInt16(2, "Actual", signed=True), O3EInt16(2, "Minimum", signed=True), O3EInt16(2, "Maximum", signed=True), O3EInt16(2, "Average", signed=True), O3EByteVal(1, "Unknown")]),
318 : O3EComplexType(9, "WaterPressureSensor", [O3EInt16(2, "Actual", signed=True), O3EInt16(2, "Minimum", signed=True), O3EInt16(2, "Maximum", signed=True), O3EInt16(2, "Average", signed=True), O3EByteVal(1, "Unknown")]),
331 : O3EComplexType(9, "FlueGasTemperatureSensor", [O3EInt16(2, "Actual", signed=True), O3EInt16(2, "Minimum", signed=True), O3EInt16(2, "Maximum", signed=True), O3EInt16(2, "Average", signed=True), O3EByteVal(1, "Unknown")]),
334 : O3EComplexType(9, "MixerOneCircuitRoomTemperatureSensor",[O3EInt16(2, "Actual", signed=True), O3EInt16(2, "Minimum", signed=True), O3EInt16(2, "Maximum", signed=True), O3EInt16(2, "Average", signed=True), O3EByteVal(1, "Error")]),
335 : O3EComplexType(9, "MixerTwoCircuitRoomTemperatureSensor",[O3EInt16(2, "Actual", signed=True), O3EInt16(2, "Minimum", signed=True), O3EInt16(2, "Maximum", signed=True), O3EInt16(2, "Average", signed=True), O3EByteVal(1, "Error")]),
336 : O3EComplexType(9, "MixerThreeCircuitRoomTemperatureSensor",[O3EInt16(2, "Actual", signed=True), O3EInt16(2, "Minimum", signed=True), O3EInt16(2, "Maximum", signed=True), O3EInt16(2, "Average", signed=True), O3EByteVal(1, "Error")]),
337 : O3EComplexType(9, "MixerFourCircuitRoomTemperatureSensor",[O3EInt16(2, "Actual", signed=True), O3EInt16(2, "Minimum", signed=True), O3EInt16(2, "Maximum", signed=True), O3EInt16(2, "Average", signed=True), O3EByteVal(1, "Error")]),
360 : O3EComplexType(9, "DomesticHotWaterOutletSensor",[O3EInt16(2, "Actual", signed=True), O3EInt16(2, "Minimum", signed=True), O3EInt16(2, "Maximum", signed=True), O3EInt16(2, "Average", signed=True), O3EByteVal(1, "Error")]),
364 : O3EComplexType(6, "Flame", [O3EInt8(1, "Flame"), RawCodec(5, "Unknown")]),
365 : O3EInt16(42, "FlameStatistical", offset = 38, scale = 1),
373 : RawCodec(2, "FanTargetSpeed"),
377 : O3EUtf8(16, "ViessmannIdentificationNumber"),
381 : O3EInt8(4, "CentralHeatingPump", offset = 1),
382 : O3EComplexType(5, "UnitsAndFormats", [O3EEnum(1, "Units", "Units"), O3EEnum(1, "DateFormat", "DateFormats"), O3EEnum(1, "TimeFormat", "TimeFormats"), O3EByteVal(1, "TimeZone"), O3EByteVal(1, "Unknown")]),
386 : O3EByteVal(1, "DiverterValveTargetPosition"),
392 : RawCodec(4, "DomesticHotWaterPump"), # likely Circulation "00000005" Ändert sich nich wenn Warmwasser gezapfrt wird.
396 : O3EInt16(2, "DomesticHotWaterTemperatureSetpoint", signed=True),
401 : O3EInt8(5, "MixerOneCircuitPump", scale = 1, offset = 2),
402 : O3EInt8(5, "MixerTwoCircuitPump", scale = 1, offset = 2),
403 : O3EInt8(5, "MixerThreeCircuitPump", scale = 1, offset = 2),
404 : O3EInt8(5, "MixerFourCircuitPump", scale = 1, offset = 2),
417 : O3EInt8(5, "SolarCircuitPump"),
424 : O3EComplexType(9, "MixerOneCircuitRoomTemperatureSetpoint", [O3EInt16(2, "Comfort", signed=True), O3EInt16(2, "Standard", signed=True), O3EInt16(2, "Reduced", signed=True), RawCodec(2, "Unknown2"), O3EByteVal(1, "Duration")]),
426 : O3EComplexType(9, "MixerTwoCircuitRoomTemperatureSetpoint", [O3EInt16(2, "Comfort", signed=True), O3EInt16(2, "Standard", signed=True), O3EInt16(2, "Reduced", signed=True), RawCodec(2, "Unknown2"), O3EByteVal(1, "Duration")]),
428 : O3EComplexType(9, "MixerThreeCircuitRoomTemperatureSetpoint", [O3EInt16(2, "Comfort", signed=True), O3EInt16(2, "Standard", signed=True), O3EInt16(2, "Reduced", signed=True), RawCodec(2, "Unknown2"), O3EByteVal(1, "Duration")]),
430 : O3EComplexType(9, "MixerFourCircuitRoomTemperatureSetpoint", [O3EInt16(2, "Comfort", signed=True), O3EInt16(2, "Standard", signed=True), O3EInt16(2, "Reduced", signed=True), RawCodec(2, "Unknown2"), O3EByteVal(1, "Duration")]),
475 : O3EInt8(2,  "MixerOneCircuitThreeWayValvePositionPercent", signed=True),
476 : O3EInt8(2,  "MixerTwoCircuitThreeWayValvePositionPercent", signed=True),
477 : RawCodec(2, "MixerThreeCircuitThreeWayValvePositionPercent"),
478 : RawCodec(2, "MixerFourCircuitThreeWayValvePositionPercent"),
491 : O3EComplexType(2, "DomesticHotWaterCirculationPump",[O3EByteVal(1,"State"),O3EByteVal(1,"Unknown")]),
497 : O3EComplexType(3, "DomesticHotWaterCirculationPumpMode",[O3EBool(1, "Mode"), O3EBool(1, "HygenieActive"), O3EBool(1, "HeatingActive")]),
500 : RawCodec(2, "CentralHeatDemandExternalAc"),
503 : O3EComplexType(2, "ScaldProtection", [O3EBool(2, "Mode"),]),
504 : RawCodec(10, "DomesticHotWaterSetpointMetaData"),
505 : O3ESdate(3, "Date"),
506 : O3EStime(3, "Time"),
507 : O3EUtc(4, "UniversalTimeCoordinated"),
508 : O3EByteVal(1, "UniversalTimeCoordinatedOffset"),
510 : O3EByteVal(1, "Language"),
513 : RawCodec(8, "HolidayPhaseCircuitOne"),
514 : RawCodec(8, "HolidayAtHomePhaseCircuitOne"),
515 : RawCodec(8, "HolidayPhaseCircuitTwo"),
516 : RawCodec(8, "HolidayAtHomePhaseCircuitTwo"),
517 : RawCodec(8, "HolidayPhaseCircuitThree"),
518 : RawCodec(8, "HolidayAtHomePhaseCircuitThree"),
519 : RawCodec(8, "HolidayPhaseCircuitFour"),
520 : RawCodec(8, "HolidayAtHomePhaseCircuitFour"),
521 : O3EInt16(2, "OperatingHoursTillService", scale=1.0),
522 : O3EComplexType(4, "ServiceDateNext", [O3EInt8(1, "0"), O3EInt8(1, "1"), O3EInt8(1, "2"), O3EInt8(1, "Zeitintervall bis zur naechsten Wartung"),]), # 0="Nicht Eingestellt", 1="3", 2="6", 3="12", 4="18", 5="24" Monate (Handbuch) "ä" ging nicht! Enum machen?
524 : O3EInt16(2, "ModulationTargetSetpoint", scale=1),
525 : O3EInt16(2, "ExternalModulationSetpoint"),
526 : O3EInt16(2, "ModulationCurrentValue"),
527 : O3EInt16(2, "FlowTemperatureTargetSetpoint", signed=True),
528 : O3EInt16(2, "ExternalTargetFlowTemperatureSetpoint"),
531 : O3EComplexType(2, "DomesticHotWaterOperationState",[O3EByteVal(1,"Mode"),O3EByteVal(1,"State")]),
534 : O3EInt16(2, "DomesticHotWaterPumpPostRunTime", scale=1),
535 : RawCodec(12, "ObjectElectricalEnergyStatistical"),
537 : O3EComplexType(2, "ExternalMixerOneCircuitTargetOperationMode",[O3EByteVal(1,"Mode"),O3EByteVal(1,"State")]),
538 : O3EComplexType(2, "ExternalDomesticHotWaterTargetOperationMode",[O3EByteVal(1,"Mode"),O3EByteVal(1,"State")]),
544 : O3EComplexType(12, "GasConsumptionCentralHeating", [O3EInt16(2, "Today"), O3EInt16(2, "Week"), O3EInt16(2, "CurrentMonth"), O3EInt16(2, "PastMonth"), O3EInt16(2, "CurrentYear"), O3EInt16(2, "PastYear")]),
545 : O3EComplexType(12, "GasConsumptionDomesticHotWater", [O3EInt16(2, "Today"), O3EInt16(2, "Week"), O3EInt16(2, "CurrentMonth"), O3EInt16(2, "PastMonth"), O3EInt16(2, "CurrentYear"), O3EInt16(2, "PastYear")]),
548 : O3EComplexType(24, "EnergyConsumptionCentralHeating", [O3EInt32(4, "Today", scale=10), O3EInt32(4, "Week", scale=10), O3EInt32(4, "CurrentMonth", scale=10), O3EInt32(4, "PastMonth", scale=10), O3EInt32(4, "CurrentYear", scale=10), O3EInt32(4, "PastYear", scale=10)]),
565 : O3EComplexType(24, "EnergyConsumptionDomesticHotWater", [O3EInt32(4, "Today", scale=10), O3EInt32(4, "Week", scale=10), O3EInt32(4, "CurrentMonth", scale=10), O3EInt32(4, "PastMonth", scale=10), O3EInt32(4, "CurrentYear", scale=10), O3EInt32(4, "PastYear", scale=10)]),
567 : O3EComplexType(24, "GeneratedElectricity", [O3EInt32(4, "Today", scale=10), O3EInt32(4, "Week", scale=10), O3EInt32(4, "CurrentMonth", scale=10), O3EInt32(4, "PastMonth", scale=10), O3EInt32(4, "CurrentYear", scale=10), O3EInt32(4, "PastYear", scale=10)]),
568 : O3EComplexType(24, "CoTwoSavings", [O3EInt32(4, "Today", scale=10), O3EInt32(4, "Week", scale=10), O3EInt32(4, "CurrentMonth", scale=10), O3EInt32(4, "PastMonth", scale=10), O3EInt32(4, "CurrentYear", scale=10), O3EInt32(4, "PastYear", scale=10)]),
569 : O3EByteVal(1, "ResetSensorMinMaxAverageStatistics"),
570 : RawCodec(1, "ResetStatistics"),
572 : RawCodec(3, "SetDefaultValuesDate"),
573 : RawCodec(2, "RemoteReset"),
576 : O3ESdate(3, "SetDeliveryStatusDate"),
580 : O3ESoftVers(8, "SoftwareVersion"),
581 : O3ESoftVers(8, "HardwareVersion"),
593 : O3EMacAddr(6, "GatewayMac"),
596 : O3EInt8(1, "CentralHeatingPartLoadPercent", scale = 1),
597 : O3EInt8(1, "DomesticHotWaterPartLoadPercent", scale = 1),
600 : RawCodec(3, "FuelCellServiceCounterReset"),
602 : O3EByteVal(1, "GatewayRemoteLocalNetworkStatus"),
603 : O3EByteVal(1, "GatewayApEnable"),
604 : O3EComplexType(76, "GatewayApDataSet", [O3EUtf8(32, "SSID_AccessPoint"), O3EUtf8(40, "Password_AccessPoint"), O3EIp4Addr(4, "IP-Address_AccessPoint")]),
607 : O3EComplexType(20, "GatewayRemoteIp", [O3EIp4Addr(4, "WLAN_IP-Address"), O3EIp4Addr(4, "SubnetMask"), O3EIp4Addr(4, "Gateway_IP-Address"), O3EIp4Addr(4, "DNSServer1"), O3EIp4Addr(4, "DNSServer2")]),
616 : O3EByteVal(1, "GatewayRemoteEnable"),
618 : O3EByteVal(1, "GatewayRemoteIpStatic"),
619 : RawCodec(2, "GatewayRemoteScanNetwork"),
623 : RawCodec(165, "ServiceEngineer"),
625 : RawCodec(22, "ObjectDetails"),
627 : O3EUtf8(40, "CentralHeatingOneCircuitName"), # vizard\app\src\main\assets\one_click_configuration5.json
628 : O3EUtf8(40, "CentralHeatingTwoCircuitName"),
629 : O3EUtf8(40, "CentralHeatingThreeCircuitName"),
630 : O3EUtf8(40, "CentralHeatingFourCircuitName"),
645 : O3EByteVal(1, "GenericAnalogDigitalAccessoryOneModulFunction"),
646 : O3EByteVal(1, "GenericAnalogDigitalAccessoryTwoModulFunction"),
647 : O3EByteVal(1, "GenericAnalogDigitalAccessoryThreeModulFunction"),
648 : O3EByteVal(1, "GenericAnalogDigitalAccessoryFourModulFunction"),
649 : O3EByteVal(1, "GenericAnalogDigitalAccessoryFiveModulFunction"),
650 : O3EByteVal(1, "GenericDigitalAccessoryOneModulFunction"),
651 : O3EByteVal(1, "GenericDigitalAccessoryTwoModulFunction"),
652 : O3EByteVal(1, "GenericDigitalAccessoryThreeModulFunction"),
653 : O3EByteVal(1, "GenericDigitalAccessoryFourModulFunction"),
654 : O3EByteVal(1, "GenericDigitalAccessoryFiveModulFunction"),
691 : O3EList(57, "DomesticHotWaterTimeScheduleMonday",[O3EByteVal(1, "Count"), O3EComplexType(7, "Schedules",[O3EStime(2, "Start"),O3EStime(2, "Stop"), RawCodec(2, "Unknown"), O3EByteVal(1, "Mode")])]),
692 : O3EList(57, "DomesticHotWaterTimeScheduleTuesday",[O3EByteVal(1, "Count"), O3EComplexType(7, "Schedules",[O3EStime(2, "Start"),O3EStime(2, "Stop"), RawCodec(2, "Unknown"), O3EByteVal(1, "Mode")])]),
693 : O3EList(57, "DomesticHotWaterTimeScheduleWednesday",[O3EByteVal(1, "Count"), O3EComplexType(7, "Schedules",[O3EStime(2, "Start"),O3EStime(2, "Stop"), RawCodec(2, "Unknown"), O3EByteVal(1, "Mode")])]),
694 : O3EList(57, "DomesticHotWaterTimeScheduleThursday",[O3EByteVal(1, "Count"), O3EComplexType(7, "Schedules",[O3EStime(2, "Start"),O3EStime(2, "Stop"), RawCodec(2, "Unknown"), O3EByteVal(1, "Mode")])]),
695 : O3EList(57, "DomesticHotWaterTimeScheduleFriday",[O3EByteVal(1, "Count"), O3EComplexType(7, "Schedules",[O3EStime(2, "Start"),O3EStime(2, "Stop"), RawCodec(2, "Unknown"), O3EByteVal(1, "Mode")])]),
696 : O3EList(57, "DomesticHotWaterTimeScheduleSaturday",[O3EByteVal(1, "Count"), O3EComplexType(7, "Schedules",[O3EStime(2, "Start"),O3EStime(2, "Stop"), RawCodec(2, "Unknown"), O3EByteVal(1, "Mode")])]),
697 : O3EList(57, "DomesticHotWaterTimeScheduleSunday",[O3EByteVal(1, "Count"), O3EComplexType(7, "Schedules",[O3EStime(2, "Start"),O3EStime(2, "Stop"), RawCodec(2, "Unknown"), O3EByteVal(1, "Mode")])]),
726 : O3EList(57, "DomesticHotWaterCirculationTimeScheduleMonday",[O3EByteVal(1, "Count"), O3EComplexType(7, "Schedules",[O3EStime(2, "Start"),O3EStime(2, "Stop"), RawCodec(2, "Unknown"), O3EByteVal(1, "Mode")])]),
727 : O3EList(57, "DomesticHotWaterCirculationTimeScheduleTuesday",[O3EByteVal(1, "Count"), O3EComplexType(7, "Schedules",[O3EStime(2, "Start"),O3EStime(2, "Stop"), RawCodec(2, "Unknown"), O3EByteVal(1, "Mode")])]),
728 : O3EList(57, "DomesticHotWaterCirculationTimeScheduleWednesday",[O3EByteVal(1, "Count"), O3EComplexType(7, "Schedules",[O3EStime(2, "Start"),O3EStime(2, "Stop"), RawCodec(2, "Unknown"), O3EByteVal(1, "Mode")])]),
729 : O3EList(57, "DomesticHotWaterCirculationTimeScheduleThursday",[O3EByteVal(1, "Count"), O3EComplexType(7, "Schedules",[O3EStime(2, "Start"),O3EStime(2, "Stop"), RawCodec(2, "Unknown"), O3EByteVal(1, "Mode")])]),
730 : O3EList(57, "DomesticHotWaterCirculationTimeScheduleFriday",[O3EByteVal(1, "Count"), O3EComplexType(7, "Schedules",[O3EStime(2, "Start"),O3EStime(2, "Stop"), RawCodec(2, "Unknown"), O3EByteVal(1, "Mode")])]),
731 : O3EList(57, "DomesticHotWaterCirculationTimeScheduleSaturday",[O3EByteVal(1, "Count"), O3EComplexType(7, "Schedules",[O3EStime(2, "Start"),O3EStime(2, "Stop"), RawCodec(2, "Unknown"), O3EByteVal(1, "Mode")])]),
732 : O3EList(57, "DomesticHotWaterCirculationTimeScheduleSunday",[O3EByteVal(1, "Count"), O3EComplexType(7, "Schedules",[O3EStime(2, "Start"),O3EStime(2, "Stop"), RawCodec(2, "Unknown"), O3EByteVal(1, "Mode")])]),
761 : O3EList(57, "MixerOneCircuitTimeScheduleMonday",[O3EByteVal(1, "Count"), O3EComplexType(7, "Schedules",[O3EStime(2, "Start"),O3EStime(2, "Stop"), RawCodec(2, "Unknown"), O3EByteVal(1, "Mode")])]),
762 : O3EList(57, "MixerOneCircuitTimeScheduleTuesday",[O3EByteVal(1, "Count"), O3EComplexType(7, "Schedules",[O3EStime(2, "Start"),O3EStime(2, "Stop"), RawCodec(2, "Unknown"), O3EByteVal(1, "Mode")])]),
763 : O3EList(57, "MixerOneCircuitTimeScheduleWednesday",[O3EByteVal(1, "Count"), O3EComplexType(7, "Schedules",[O3EStime(2, "Start"),O3EStime(2, "Stop"), RawCodec(2, "Unknown"), O3EByteVal(1, "Mode")])]),
764 : O3EList(57, "MixerOneCircuitTimeScheduleThursday",[O3EByteVal(1, "Count"), O3EComplexType(7, "Schedules",[O3EStime(2, "Start"),O3EStime(2, "Stop"), RawCodec(2, "Unknown"), O3EByteVal(1, "Mode")])]),
765 : O3EList(57, "MixerOneCircuitTimeScheduleFriday",[O3EByteVal(1, "Count"), O3EComplexType(7, "Schedules",[O3EStime(2, "Start"),O3EStime(2, "Stop"), RawCodec(2, "Unknown"), O3EByteVal(1, "Mode")])]),
766 : O3EList(57, "MixerOneCircuitTimeScheduleSaturday",[O3EByteVal(1, "Count"), O3EComplexType(7, "Schedules",[O3EStime(2, "Start"),O3EStime(2, "Stop"), RawCodec(2, "Unknown"), O3EByteVal(1, "Mode")])]),
767 : O3EList(57, "MixerOneCircuitTimeScheduleSunday",[O3EByteVal(1, "Count"), O3EComplexType(7, "Schedules",[O3EStime(2, "Start"),O3EStime(2, "Stop"), RawCodec(2, "Unknown"), O3EByteVal(1, "Mode")])]),
768 : O3EList(57, "MixerTwoCircuitTimeScheduleMonday",[O3EByteVal(1, "Count"), O3EComplexType(7, "Schedules",[O3EStime(2, "Start"),O3EStime(2, "Stop"), RawCodec(2, "Unknown"), O3EByteVal(1, "Mode")])]),
769 : O3EList(57, "MixerTwoCircuitTimeScheduleTuesday",[O3EByteVal(1, "Count"), O3EComplexType(7, "Schedules",[O3EStime(2, "Start"),O3EStime(2, "Stop"), RawCodec(2, "Unknown"), O3EByteVal(1, "Mode")])]),
770 : O3EList(57, "MixerTwoCircuitTimeScheduleWednesday",[O3EByteVal(1, "Count"), O3EComplexType(7, "Schedules",[O3EStime(2, "Start"),O3EStime(2, "Stop"), RawCodec(2, "Unknown"), O3EByteVal(1, "Mode")])]),
771 : O3EList(57, "MixerTwoCircuitTimeScheduleThursday",[O3EByteVal(1, "Count"), O3EComplexType(7, "Schedules",[O3EStime(2, "Start"),O3EStime(2, "Stop"), RawCodec(2, "Unknown"), O3EByteVal(1, "Mode")])]),
772 : O3EList(57, "MixerTwoCircuitTimeScheduleFriday",[O3EByteVal(1, "Count"), O3EComplexType(7, "Schedules",[O3EStime(2, "Start"),O3EStime(2, "Stop"), RawCodec(2, "Unknown"), O3EByteVal(1, "Mode")])]),
773 : O3EList(57, "MixerTwoCircuitTimeScheduleSaturday",[O3EByteVal(1, "Count"), O3EComplexType(7, "Schedules",[O3EStime(2, "Start"),O3EStime(2, "Stop"), RawCodec(2, "Unknown"), O3EByteVal(1, "Mode")])]),
774 : O3EList(57, "MixerTwoCircuitTimeScheduleSunday",[O3EByteVal(1, "Count"), O3EComplexType(7, "Schedules",[O3EStime(2, "Start"),O3EStime(2, "Stop"), RawCodec(2, "Unknown"), O3EByteVal(1, "Mode")])]),
775 : O3EList(57, "MixerThreeCircuitTimeScheduleMonday",[O3EByteVal(1, "Count"), O3EComplexType(7, "Schedules",[O3EStime(2, "Start"),O3EStime(2, "Stop"), RawCodec(2, "Unknown"), O3EByteVal(1, "Mode")])]),
776 : O3EList(57, "MixerThreeCircuitTimeScheduleTuesday",[O3EByteVal(1, "Count"), O3EComplexType(7, "Schedules",[O3EStime(2, "Start"),O3EStime(2, "Stop"), RawCodec(2, "Unknown"), O3EByteVal(1, "Mode")])]),
777 : O3EList(57, "MixerThreeCircuitTimeScheduleWednesday",[O3EByteVal(1, "Count"), O3EComplexType(7, "Schedules",[O3EStime(2, "Start"),O3EStime(2, "Stop"), RawCodec(2, "Unknown"), O3EByteVal(1, "Mode")])]),
778 : O3EList(57, "MixerThreeCircuitTimeScheduleThursday",[O3EByteVal(1, "Count"), O3EComplexType(7, "Schedules",[O3EStime(2, "Start"),O3EStime(2, "Stop"), RawCodec(2, "Unknown"), O3EByteVal(1, "Mode")])]),
779 : O3EList(57, "MixerThreeCircuitTimeScheduleFriday",[O3EByteVal(1, "Count"), O3EComplexType(7, "Schedules",[O3EStime(2, "Start"),O3EStime(2, "Stop"), RawCodec(2, "Unknown"), O3EByteVal(1, "Mode")])]),
780 : O3EList(57, "MixerThreeCircuitTimeScheduleSaturday",[O3EByteVal(1, "Count"), O3EComplexType(7, "Schedules",[O3EStime(2, "Start"),O3EStime(2, "Stop"), RawCodec(2, "Unknown"), O3EByteVal(1, "Mode")])]),
781 : O3EList(57, "MixerThreeCircuitTimeScheduleSunday",[O3EByteVal(1, "Count"), O3EComplexType(7, "Schedules",[O3EStime(2, "Start"),O3EStime(2, "Stop"), RawCodec(2, "Unknown"), O3EByteVal(1, "Mode")])]),
782 : O3EList(57, "MixerFourCircuitTimeScheduleMonday",[O3EByteVal(1, "Count"), O3EComplexType(7, "Schedules",[O3EStime(2, "Start"),O3EStime(2, "Stop"), RawCodec(2, "Unknown"), O3EByteVal(1, "Mode")])]),
783 : O3EList(57, "MixerFourCircuitTimeScheduleTuesday",[O3EByteVal(1, "Count"), O3EComplexType(7, "Schedules",[O3EStime(2, "Start"),O3EStime(2, "Stop"), RawCodec(2, "Unknown"), O3EByteVal(1, "Mode")])]),
784 : O3EList(57, "MixerFourCircuitTimeScheduleWednesday",[O3EByteVal(1, "Count"), O3EComplexType(7, "Schedules",[O3EStime(2, "Start"),O3EStime(2, "Stop"), RawCodec(2, "Unknown"), O3EByteVal(1, "Mode")])]),
785 : O3EList(57, "MixerFourCircuitTimeScheduleThursday",[O3EByteVal(1, "Count"), O3EComplexType(7, "Schedules",[O3EStime(2, "Start"),O3EStime(2, "Stop"), RawCodec(2, "Unknown"), O3EByteVal(1, "Mode")])]),
786 : O3EList(57, "MixerFourCircuitTimeScheduleFriday",[O3EByteVal(1, "Count"), O3EComplexType(7, "Schedules",[O3EStime(2, "Start"),O3EStime(2, "Stop"), RawCodec(2, "Unknown"), O3EByteVal(1, "Mode")])]),
787 : O3EList(57, "MixerFourCircuitTimeScheduleSaturday",[O3EByteVal(1, "Count"), O3EComplexType(7, "Schedules",[O3EStime(2, "Start"),O3EStime(2, "Stop"), RawCodec(2, "Unknown"), O3EByteVal(1, "Mode")])]),
788 : O3EList(57, "MixerFourCircuitTimeScheduleSunday",[O3EByteVal(1, "Count"), O3EComplexType(7, "Schedules",[O3EStime(2, "Start"),O3EStime(2, "Stop"), RawCodec(2, "Unknown"), O3EByteVal(1, "Mode")])]),
873 : RawCodec(2, "LegionellaProtectionActivation"),
874 : O3EInt16(2, "LegionellaProtectionTargetTemperatureSetpoint"),
875 : O3EStime(2, "LegionellaProtectionStartTime"),
876 : O3EByteVal(1, "LegionellaProtectionWeekday"),
877 : O3EStime(3, "LegionellaProtectionLastSuccessfulStartTime"),
878 : O3EByteVal(1, "LegionellaProtectionLastSuccessfulWeekday"),
880 : O3EComplexType(4, "MixerOneCircuitCentralHeatingCurve", [O3EInt8(1, "Gradient", scale=10), O3EInt8(1, "Level", signed=True), O3EInt16(2, "BasePoint", signed=True)]),
881 : O3EComplexType(4, "MixerTwoCircuitCentralHeatingCurve", [O3EInt8(1, "Gradient", scale=10), O3EInt8(1, "Level", signed=True), O3EInt16(2, "BasePoint", signed=True)]),
882 : O3EComplexType(4, "MixerThreeCircuitCentralHeatingCurve", [O3EInt8(1, "Gradient", scale=10), O3EInt8(1, "Level", signed=True), O3EInt16(2, "BasePoint", signed=True)]),
883 : O3EComplexType(4, "MixerFourCircuitCentralHeatingCurve", [O3EInt8(1, "Gradient", scale=10), O3EInt8(1, "Level", signed=True), O3EInt16(2, "BasePoint", signed=True)]),
896 : O3EInt16(2, "OutsideTemperatureOffset", signed=True),
897 : O3EByteVal(1, "ScreedDryingProfileActivation"),
900 : O3EByteVal(1, "GatewayRemoteSignalStrength"),
901 : O3EByteVal(1, "ServiceManagerIsRequired"),
902 : O3EByteVal(1, "MalfunctionIdentification"),
903 : RawCodec(4, "DisplaySettings"),
906 : RawCodec(3, "ExhaustFlap"),
908 : O3EByteVal(1, "ExternalFaultSignal"),
912 : O3EComplexType(5, "DaylightSavingTimeActive", [O3EBool(1,"Mode"), O3EInt8(1, "SpringEarliestDay"), O3EInt8(1, "SpringMonth"), O3EInt8(1, "AutumnEarliestDay"), O3EInt8(1, "AutumnMonth")]),
915 : O3ESdate(3, "LastBackupDate"),
918 : O3EByteVal(1, "TradeFairMode"),
921 : O3EComplexType(2, "ExternalAccessInProgress",[O3EByteVal(1,"Mode"),O3EByteVal(1,"State")]),
924 : O3EByteVal(1, "StartUpWizard"),
925 : RawCodec(5, "FillingVenting"),
927 : O3EEnum(1, "BuildingType", "BuildingTypes"),
928 : O3EUtf8(16, "ElectronicTraceabilityNumber"),
929 : O3EEnum(1, "GasType", "GasTypes"),
930 : RawCodec(10, "ExternalTargetCentralHeatingFlowSetpointMetaData"),
931 : RawCodec(10, "DomesticHotWaterFlowSetpointMetaData"),
933 : O3EComplexType(9, "MixerOneCircuitProperty", [O3EEnum(1,"MixerCircuitType","MixerCircuitTypes"), O3EEnum(1,"BusType","BusTypes"), O3EEnum(1,"RemoteControl","RemoteControls"), O3EEnum(1,"Priority","Priorities"), O3EByteVal(1,"BusAddress"), O3EInt16(2,"FlowTemperatureOffset"), O3EEnum(1,"RegulationType","RegulationTypes"), O3EByteVal(1,"RoomTemperatureCorrectionFactor")]),
934 : O3EComplexType(9, "MixerTwoCircuitProperty", [O3EEnum(1,"MixerCircuitType","MixerCircuitTypes"), O3EEnum(1,"BusType","BusTypes"), O3EEnum(1,"RemoteControl","RemoteControls"), O3EEnum(1,"Priority","Priorities"), O3EByteVal(1,"BusAddress"), O3EInt16(2,"FlowTemperatureOffset"), O3EEnum(1,"RegulationType","RegulationTypes"), O3EByteVal(1,"RoomTemperatureCorrectionFactor")]),
935 : O3EComplexType(9, "MixerThreeCircuitProperty", [O3EEnum(1,"MixerCircuitType","MixerCircuitTypes"), O3EEnum(1,"BusType","BusTypes"), O3EEnum(1,"RemoteControl","RemoteControls"), O3EEnum(1,"Priority","Priorities"), O3EByteVal(1,"BusAddress"), O3EInt16(2,"FlowTemperatureOffset"), O3EEnum(1,"RegulationType","RegulationTypes"), O3EByteVal(1,"RoomTemperatureCorrectionFactor")]),
936 : O3EComplexType(9, "MixerFourCircuitProperty", [O3EEnum(1,"MixerCircuitType","MixerCircuitTypes"), O3EEnum(1,"BusType","BusTypes"), O3EEnum(1,"RemoteControl","RemoteControls"), O3EEnum(1,"Priority","Priorities"), O3EByteVal(1,"BusAddress"), O3EInt16(2,"FlowTemperatureOffset"), O3EEnum(1,"RegulationType","RegulationTypes"), O3EByteVal(1,"RoomTemperatureCorrectionFactor")]),
950 : O3EInt8(4, "SolarCircuitWaterFlowRate", signed=True),
951 : RawCodec(8, "SolarCircuitExtendedFunctions"),
952 : RawCodec(51, "HydraulicMatrix"),
953 : RawCodec(24, "SolarEnergyYield"),
954 : O3EList(181, "BusTopologyMatrix", [O3EInt8(1, "Count"), O3EComplexType(36, "TopologyElement",[O3EByteVal(1, "NodeID"), O3EEnum(1, "BusType", "BusTypes"), O3EByteVal(1, "DeviceProperty"), O3EByteVal(1, "DeviceFunction"), O3ESoftVers(8, "SW-Version"), O3ESoftVers(8, "HW-Version"), O3EUtf8(16, "VIN")])]),
960 : O3EByteVal(1, "ExhaustPipeType"),
961 : RawCodec(1, "SecurityAlgorithmNumber"),
962 : O3ESoftVers(8, "BootLoaderVersion"),
964 : O3EByteVal(1, "ActiveDiagnosticSession"),
987 : O3EInt16(2, "MixerOneCircuitFlowTemperatureTargetSetpoint", signed=True),
988 : O3EInt16(2, "MixerTwoCircuitFlowTemperatureTargetSetpoint", signed=True),
989 : O3EInt16(2, "MixerThreeCircuitFlowTemperatureTargetSetpoint", signed=True),
990 : O3EInt16(2, "MixerFourCircuitFlowTemperatureTargetSetpoint", signed=True),
1004 : O3EEnum(1, "CentralHeatingRegulationMode", "RegulationTypes"),
1006 : RawCodec(3, "TargetQuickMode"),
1007 : RawCodec(3, "CurrentQuickMode"),
1008 : RawCodec(3, "MixerOneCircuitTargetQuickMode"),
1009 : RawCodec(3, "MixerTwoCircuitTargetQuickMode"),
1010 : RawCodec(3, "MixerThreeCircuitTargetQuickMode"),
1011 : RawCodec(3, "MixerFourCircuitTargetQuickMode"),
1024 : RawCodec(3, "MixerOneCircuitCurrentQuickMode"),
1025 : RawCodec(3, "MixerTwoCircuitCurrentQuickMode"),
1026 : RawCodec(3, "MixerThreeCircuitCurrentQuickMode"),
1027 : RawCodec(3, "MixerFourCircuitCurrentQuickMode"),
1042 : O3EComplexType(9, "PrimaryHeatExchangerTemperatureSensor", [O3EInt16(2, "Actual", signed=True), O3EInt16(2, "Minimum", signed=True), O3EInt16(2, "Maximum", signed=True), O3EInt16(2, "Average", signed=True), O3EByteVal(1, "Unknown")]),
1043 : O3EComplexType(5, "AllengraSensor", [O3EInt16(2, "Flow"), O3EInt16(2, "Temperature"), RawCodec(1, "Unknown")]),
1044 : RawCodec(2, "SecondaryCentralHeatingPump"),
1084 : RawCodec(4, "FlowTemperatureMinimumMaximumLimit"),
1085 : O3EInt16(4, "DomesticHotWaterHysteresis"),
1087 : O3EInt8(2, "MaximumDomesticHotWaterLoadingTime"),
1093 : RawCodec(2, "ExhaustPipeLength"),
1096 : O3EByteVal(1, "ResetEnergyManagerDataCollector"),
1097 : O3EComplexType(16, "ElectricityPropperties", [O3EInt16(2, "ExportPrice", scale=100),RawCodec(6, "Unknown"), O3EInt16(2, "Price", scale=100), RawCodec(6, "Unknown"),]), # cent/kWh
1098 : O3EComplexType(20, "GasProperties", [O3EInt16(4, "PricePerM3", scale=100), RawCodec(10, "Unknown"), O3EInt16(2, "GasVolumeCorrectionFactor", scale=10000), O3EInt32(4, "CalorificValue", scale=10000),] ),
1100 : O3EComplexType(3, "CentralHeatingPumpMinimumMaximumLimit", [O3EInt8(1, "MinSpeed"), O3EInt8(1, "MaxSpeed"), O3EInt8(1, "Setpoint")]),
1101 : O3EComplexType(3, "DomesticHotWaterPumpMinimumMaximumLimit", [O3EInt8(1, "MinSpeed"), O3EInt8(1, "MaxSpeed"), O3EInt8(1, "Setpoint")]),
1102 : O3EComplexType(3, "MixerOneCircuitPumpMinimumMaximumLimit", [O3EInt8(1, "MinSpeed"), O3EInt8(1, "MaxSpeed"), O3EInt8(1, "Setpoint")]),
1103 : O3EComplexType(3, "MixerTwoCircuitPumpMinimumMaximumLimit", [O3EInt8(1, "MinSpeed"), O3EInt8(1, "MaxSpeed"), O3EInt8(1, "Setpoint")]),
1104 : O3EComplexType(3, "MixerThreeCircuitPumpMinimumMaximumLimit", [O3EInt8(1, "MinSpeed"), O3EInt8(1, "MaxSpeed"), O3EInt8(1, "Setpoint")]),
1105 : O3EComplexType(3, "MixerFourCircuitPumpMinimumMaximumLimit", [O3EInt8(1, "MinSpeed"), O3EInt8(1, "MaxSpeed"), O3EInt8(1, "Setpoint")]),
1125 : O3EInt16(2, "SolarMaximumLoadingTemperature", signed=True),
1126 : RawCodec(4, "SolarMinimumMaximumCollectorTemperature"),
1127 : RawCodec(1, "SolarCollectorFrostprotection"),
1128 : O3EInt16(2, "SolarStagnationHours", signed=True),
1136 : RawCodec(4, "SolarProperty"),
1138 : RawCodec(1, "AccentLedBar"),
1139 : O3EComplexType(7, "CentralHeatingCurveAdaptionParameter", [O3EInt16(2, "0", signed=True), O3EInt16(2, "1", signed=True), RawCodec(3, "Unknown"),]), # "Aussentemperaturgrenze für Aufhebung des reduzierten Raumtemperatur-Sollwerts", "Aussentemperaturgrenze für Anhebung des reduzierte Aussentemperatur-Sollwerts auf den normalen Raumtemperatur-Sollwert"
1165 : O3EByteVal(1, "BackendConnectionStatus"),
1166 : RawCodec(5, "ResetDtcHistory"),
1167 : O3EInt16(2, "ExternalDomesticHotWaterTemperatureSetpoint", signed=True),
1172 : RawCodec(14, "SolarCircuitPumpStatistical"),
1175 : O3EByteVal(1, "AcknowledgeInfoAlarmMessage"),
1176 : O3EByteVal(1, "AcknowledgeWarningAlarmMessage"),
1177 : O3EByteVal(1, "AcknowledgeServiceAlarmMessage"),
1178 : O3EByteVal(1, "AcknowledgeErrorAlarmMessage"),
1190 : O3EInt16(4, "ThermalPower"),
1191 : RawCodec(1, "FuelCellStatus"),
1192 : O3EComplexType(10, "MixerOneCircuitFlowTemperatureMinimumMaximumLimit", [O3EInt16(2, "Minimum", signed=True), O3EInt16(2, "Maximum", signed=True), RawCodec(6, "Unknown")]),
1193 : O3EComplexType(10, "MixerTwoCircuitFlowTemperatureMinimumMaximumLimit", [O3EInt16(2, "Minimum", signed=True), O3EInt16(2, "Maximum", signed=True), RawCodec(6, "Unknown")]),
1194 : O3EComplexType(10, "MixerThreeCircuitFlowTemperatureMinimumMaximumLimit", [O3EInt16(2, "Minimum", signed=True), O3EInt16(2, "Maximum", signed=True), RawCodec(6, "Unknown")]),
1195 : O3EComplexType(10, "MixerFourCircuitFlowTemperatureMinimumMaximumLimit", [O3EInt16(2, "Minimum", signed=True), O3EInt16(2, "Maximum", signed=True), RawCodec(6, "Unknown")]),
1210 : O3EComplexType(13, "FuelCellStatistical", [O3EInt32(4, "Betriebsstunden", scale = 1), O3EInt32(4, "Produktionsstunden", scale = 1), RawCodec(2, "Unknown"), O3EInt16(2, "CellStarts", scale = 1), RawCodec(1, "Unknown")]),
1211 : O3EComplexType(24, "GeneratedCentralHeatingOutput", [O3EInt32(4, "Today", scale=10), O3EInt32(4, "Week", scale=10), O3EInt32(4, "CurrentMonth", scale=10), O3EInt32(4, "PastMonth", scale=10), O3EInt32(4, "CurrentYear", scale=10), O3EInt32(4, "PastYear", scale=10)]),
1214 : O3EInt16(2, "FuelCellElectricalPowerOutput"),
1215 : RawCodec(1, "FuelCellState"),
1216 : RawCodec(1, "FuelCellStateTwo"),
1217 : RawCodec(1, "FuelCellGenerationMode"),
1218 : RawCodec(1, "FuelCellInstruction"),
1220 : RawCodec(1, "FuelCellMode"),
1221 : RawCodec(1, "FuelCellModeResult"),
1222 : RawCodec(1, "FuelCellRunRequest"),
1223 : RawCodec(1, "FuelCellRunRequestResult"),
1224 : RawCodec(1, "FuelCellStopRequest"),
1226 : RawCodec(1, "FuelCellProcessNumber"),
1227 : RawCodec(1, "FuelCellRequestAction"),
1228 : RawCodec(1, "FuelCellCompletionNotification"),
1229 : RawCodec(1, "FuelCellGasTypeSetting"),
1230 : RawCodec(1, "FuelCellCountrySetting"),
1231 : RawCodec(4, "FuelCellPrimaryPump"),
1232 : O3EEnum(1, "GenericDigitalInputConfigurationOnBoardOne", "DigitalInputConfigurations"),
1233 : RawCodec(68, "GatewayRemoteVisibleOneTwo"),
1234 : RawCodec(68, "GatewayRemoteVisibleThreeFour"),
1235 : RawCodec(68, "GatewayRemoteVisibleFiveSix"),
1236 : RawCodec(68, "GatewayRemoteVisibleSevenEight"),
1237 : RawCodec(68, "GatewayRemoteVisibleNineTen"),
1238 : RawCodec(31, "AvailableActorSensorComponents"),
1239 : RawCodec(2, "ActorSensorTest"),
1263 : RawCodec(2, "DiverterValveBoilerHydraulicTower"), # Warmwasserbereitung "0001" sonst "6462". 2 x 8bit % ?
1264 : RawCodec(2, "DiverterValveFuelCellHydraulicTower"), # "0001"
1265 : RawCodec(8, "FanTargetSpeedMeta"),
1266 : RawCodec(8, "DiverterValveStatistical"),
1286 : O3EList(181, "BusTopologyMatrixTwo", [O3EInt8(1, "Count"), O3EComplexType(36, "TopologyElement",[O3EByteVal(1, "NodeID"), O3EEnum(1, "BusType", "BusTypes"), O3EByteVal(1, "DeviceProperty"), O3EByteVal(1, "DeviceFunction"), O3ESoftVers(8, "SW-Version"), O3ESoftVers(8, "HW-Version"), O3EUtf8(16, "VIN")])]),
1287 : O3EList(181, "BusTopologyMatrixThree", [O3EInt8(1, "Count"), O3EComplexType(36, "TopologyElement",[O3EByteVal(1, "NodeID"), O3EEnum(1, "BusType", "BusTypes"), O3EByteVal(1, "DeviceProperty"), O3EByteVal(1, "DeviceFunction"), O3ESoftVers(8, "SW-Version"), O3ESoftVers(8, "HW-Version"), O3EUtf8(16, "VIN")])]),
1288 : O3EList(181, "BusTopologyMatrixFour", [O3EInt8(1, "Count"), O3EComplexType(36, "TopologyElement",[O3EByteVal(1, "NodeID"), O3EEnum(1, "BusType", "BusTypes"), O3EByteVal(1, "DeviceProperty"), O3EByteVal(1, "DeviceFunction"), O3ESoftVers(8, "SW-Version"), O3ESoftVers(8, "HW-Version"), O3EUtf8(16, "VIN")])]),
1289 : O3EList(181, "BusTopologyMatrixFive", [O3EInt8(1, "Count"), O3EComplexType(36, "TopologyElement",[O3EByteVal(1, "NodeID"), O3EEnum(1, "BusType", "BusTypes"), O3EByteVal(1, "DeviceProperty"), O3EByteVal(1, "DeviceFunction"), O3ESoftVers(8, "SW-Version"), O3ESoftVers(8, "HW-Version"), O3EUtf8(16, "VIN")])]),
1290 : RawCodec(4, "DomesticHotWaterShiftLoadPump"),
1294 : O3EComplexType(124, "EnergyConsumptionCentralHeatingMonthMatrix",[
1311 : O3EComplexType(124, "EnergyConsumptionDomesticHotWaterMonthMatrix",[
1313 : O3EComplexType(124, "GeneratedElectricityMonthMatrix",[
1314 : O3EComplexType(124, "SolarEnergyYieldMonthMatrix",[
1315 : O3EComplexType(124, "GeneratedCentralHeatingOutputMonthMatrix",[
1316 : O3EComplexType(96,"EnergyConsumptionCentralHeatingYearMatrix",[O3EList(48, "CurrentYear", [O3EInt32(4, "01_January", scale=10), O3EInt32(4, "02_February", scale=10), O3EInt32(4, "03_March", scale=10), O3EInt32(4, "04_April", scale=10), O3EInt32(4, "05_May", scale=10), O3EInt32(4, "06_June", scale=10),
1333 : O3EComplexType(96, "EnergyConsumptionDomesticHotWaterYearMatrix",[O3EList(48, "CurrentYear", [O3EInt32(4, "01_January", scale=10), O3EInt32(4, "02_February", scale=10), O3EInt32(4, "03_March", scale=10), O3EInt32(4, "04_April", scale=10), O3EInt32(4, "05_May", scale=10), O3EInt32(4, "06_June", scale=10),
1335 : O3EComplexType(96, "GeneratedElectricityYearMatrix",[O3EList(48, "CurrentYear", [O3EInt32(4, "01_January", scale=10), O3EInt32(4, "02_February", scale=10), O3EInt32(4, "03_March", scale=10), O3EInt32(4, "04_April", scale=10), O3EInt32(4, "05_May", scale=10), O3EInt32(4, "06_June", scale=10),
1336 : O3EComplexType(96, "SolarEnergyYieldYearMatrix", [O3EList(48, "CurrentYear", [O3EInt32(4, "01_January", scale=10), O3EInt32(4, "02_February", scale=10), O3EInt32(4, "03_March", scale=10), O3EInt32(4, "04_April", scale=10), O3EInt32(4, "05_May", scale=10), O3EInt32(4, "06_June", scale=10),
1337 : O3EComplexType(96, "GeneratedCentralHeatingOutputYearMatrix", [
1339 : O3EByteVal(1, "MalfunctionHeatingUnitBlocked"),
1340 : O3EComplexType(124, "FuelCellGeneratedHeatOutputMonthMatrix",[
1341 : O3EComplexType(96,"FuelCellGeneratedHeatOutputYearMatrix",[O3EList(48, "CurrentYear", [O3EInt32(4, "01_January", scale=10), O3EInt32(4, "02_February", scale=10), O3EInt32(4, "03_March", scale=10), O3EInt32(4, "04_April", scale=10), O3EInt32(4, "05_May", scale=10), O3EInt32(4, "06_June", scale=10),
1342 : RawCodec(124, "GasConsumptionCentralHeatingMonthMatrix"),
1343 : RawCodec (48, "GasConsumptionCentralHeatingYearMatrix"),
1344 : RawCodec(124, "GasConsumptionDomesticHotWaterMonthMatrix"),
1345 : RawCodec(48, "GasConsumptionDomesticHotWaterYearMatrix"),
1346 : O3EComplexType(12, "HeatEngineStatistical", [O3EInt32(4, "Betriebsstunden", scale = 1), O3EInt32(4, "Brennerstunden", scale = 1), O3EInt32(4, "Brennerstarts", scale = 1)]),
1347 : RawCodec(10, "ObjectElectricalEnergyStatus"),
1348 : O3EComplexType(12, "FuelCellGasConsumption", [O3EInt16(2, "Today"), O3EInt16(2, "Week"), O3EInt16(2, "CurrentMonth"), O3EInt16(2, "PastMonth"), O3EInt16(2, "CurrentYear"), O3EInt16(2, "PastYear")]),
1349 : O3EComplexType(124, "FuelCellGasConsumptionMonthMatrix",[
1350 : O3EComplexType(48,"FuelCellGasConsumptionYearMatrix",[
1351 : O3EComplexType(24, "FeedInEnergy", [O3EInt32(4, "Today", scale=10), O3EInt32(4, "Week", scale=10), O3EInt32(4, "CurrentMonth", scale=10), O3EInt32(4, "PastMonth", scale=10), O3EInt32(4, "CurrentYear", scale=10), O3EInt32(4, "PastYear", scale=10)]),
1352 : O3EComplexType(124, "FeedInEnergyMonthMatrix",[
1353 : O3EComplexType(96,"FeedInEnergyYearMatrix",[
1354 : O3EComplexType(6, "ProductionCoverageRate", [O3EInt8(1, "Today"), O3EInt8(1, "Week"), O3EInt8(1, "CurrentMonth"), O3EInt8(1, "PastMonth"), O3EInt8(1, "CurrentYear"), O3EInt8(1, "PastYear")]),
1355 : O3EComplexType(62, "ProductionCoverageRateMonthMatrix",[
1356 : O3EComplexType(24,"ProductionCoverageRateYearMatrix",[
1357 : O3EComplexType(11, "FuelCellOperationTime",[O3EInt8(1, "Today", scale=10), O3EInt8(1, "ThisWeek", scale=1), O3EInt8(1, "LastWeek", scale=1), O3EInt16(2, "CurrentMonth", scale=1), O3EInt16(2, "LastMonth", scale=1), O3EInt16(2, "CurrentYear", scale=1), O3EInt16(2, "LastYear", scale=1)]),
1358 : O3EComplexType(124, "FuelCellOperationTimeMonthMatrix",[
1359 : O3EComplexType(48,"FuelCellOperationTimeYearMatrix",[
1360 : O3EComplexType(11, "FuelCellRunTime",[O3EInt8(1, "Today", scale=10), O3EInt8(1, "ThisWeek", scale=1), O3EInt8(1, "LastWeek", scale=1), O3EInt16(2, "CurrentMonth", scale=1), O3EInt16(2, "LastMonth", scale=1), O3EInt16(2, "CurrentYear", scale=1), O3EInt16(2, "LastYear", scale=1)]),
1361 : O3EComplexType(124, "FuelCellRunTimeMonthMatrix",[
1362 : O3EComplexType(48,"FuelCellRunTimeYearMatrix",[
1363 : O3EEnum(1,"FuelCellTargetOperationMode","FuelCellOperationModes"),
1364 : O3EByteVal(1, "GenericSdioAccessoryOneModulFunction"),
1367 : O3EInt16(2, "FuelCellThermalPower", scale=1),
1371 : O3EComplexType(6, "DemandCoverageRate", [O3EInt8(1, "Today"), O3EInt8(1, "Week"), O3EInt8(1, "CurrentMonth"), O3EInt8(1, "PastMonth"), O3EInt8(1, "CurrentYear"), O3EInt8(1, "PastYear")]),
1372 : O3EComplexType(62, "DemandCoverageRateMonthMatrix",[
1373 : O3EComplexType(24,"DemandCoverageRateYearMatrix",[
1383 : O3EComplexType(11, "FuelCellBreakdownRate",[O3EInt8(1, "Today", scale=1), O3EInt8(1, "ThisWeek", scale=1), O3EInt8(1, "LastWeek", scale=1), O3EInt16(2, "CurrentMonth", scale=1), O3EInt16(2, "LastMonth", scale=1), O3EInt16(2, "CurrentYear", scale=1), O3EInt16(2, "LastYear", scale=1)]),
1384 : O3EComplexType(124, "FuelCellBreakdownRateMonthMatrix",[
1385 : O3EComplexType(48,"FuelCellBreakdownRateYearMatrix",[
1389 : O3EComplexType(124, "CoTwoSavingsMonthMatrix",[
1390 : O3EComplexType(96,"CoTwoSavingsYearMatrix",[
1391 : O3EComplexType(24, "GeneratedDomesticHotWaterOutput", [O3EInt32(4, "Today", scale=10), O3EInt32(4, "Week", scale=10), O3EInt32(4, "CurrentMonth", scale=10), O3EInt32(4, "PastMonth", scale=10), O3EInt32(4, "CurrentYear", scale=10), O3EInt32(4, "PastYear", scale=10)]),
1392 : O3EComplexType(124, "GeneratedDomesticHotWaterOutputMonthMatrix",[
1393 : O3EComplexType(96, "GeneratedDomesticHotWaterOutputYearMatrix", [
1394 : O3EInt16(2, "SolarChargingDomesticHotWaterSetpoint", signed=True),
1395 : O3EInt16(3, "MixerOneCircuitSummerSavingTemperatureThreshold", offset = 1),
1396 : O3EInt16(3, "MixerTwoCircuitSummerSavingTemperatureThreshold", offset = 1),
1397 : O3EInt16(3, "MixerThreeCircuitSummerSavingTemperatureThreshold", offset = 1),
1398 : O3EInt16(3, "MixerFourCircuitSummerSavingTemperatureThreshold", offset = 1),
1411 : O3EBool(1, "ResetServiceInterval"),
1415 : O3EComplexType(2, "MixerOneCircuitOperationState",[O3EEnum(1,"Mode","OpModes"),O3EEnum(1,"State","OpStates")]),
1416 : O3EComplexType(2, "MixerTwoCircuitOperationState",[O3EEnum(1,"Mode","OpModes"),O3EEnum(1,"State","OpStates")]),
1417 : O3EComplexType(2, "MixerThreeCircuitOperationState",[O3EEnum(1,"Mode","OpModes"),O3EEnum(1,"State","OpStates")]),
1418 : O3EComplexType(2, "MixerFourCircuitOperationState",[O3EEnum(1,"Mode","OpModes"),O3EEnum(1,"State","OpStates")]),
1431 : O3EComplexType(8, "CarbonEmissionSettings",[O3EInt16(2, "CO2FactorGasPerKWh", scale=0.1), O3EInt16(2, "Unknown", scale=0.1), O3EInt16(2, "CO2FactorPowerDrawnPerKWh", scale=1), O3EInt16(2, "CO2FactorPowerExportedToGridPerKWh", scale=1), ]),
1432 : O3EComplexType(4, "CentralHeatingPumpPerformance", [RawCodec(1, "Unknown"), O3EInt8(1, "ResidualHeadControlOfPrimaryCircuitPump"), O3EInt8(1, "OperatingModeOfPrimaryCircuitPump"), RawCodec(1, "Unknown"), ]),
1434 : RawCodec(1, "ResetFuelCellStatistics"),
1435 : O3EComplexType(9, "FuelCellFlowTemperatureSensor", [O3EInt16(2, "Actual", signed=True), O3EInt16(2, "Minimum", signed=True), O3EInt16(2, "Maximum", signed=True), O3EInt16(2, "Average", signed=True), O3EByteVal(1, "Unknown")]),
1436 : O3EComplexType(9, "FuelCellReturnTemperatureSensor", [O3EInt16(2, "Actual", signed=True), O3EInt16(2, "Minimum", signed=True), O3EInt16(2, "Maximum", signed=True), O3EInt16(2, "Average", signed=True), O3EByteVal(1, "Unknown")]),
1467 : RawCodec(2, "SafetyRelevantRemoteUnlock"),
1468 : O3EComplexType(9, "FuelCellGasPressure", [O3EInt16(2, "Actual", signed=True), O3EInt16(2, "Minimum", signed=True), O3EInt16(2, "Maximum", signed=True), O3EInt16(2, "Average", signed=True), O3EByteVal(1, "Unknown")]),
1469 : RawCodec(31, "SensorActuatorTestGroupHeatEngine"),
1470 : RawCodec(31, "SensorActuatorTestGroupDomesticHotWater"),
1471 : RawCodec(31, "SensorActuatorTestGroupFuelCell"),
1472 : RawCodec(31, "SensorActuatorTestGroupHeatingCircuit"),
1473 : RawCodec(31, "SensorActuatorTestGroupSolar"),
1492 : RawCodec(4, "SolarCircuitPumpHysteresis"),
1493 : RawCodec(16, "HeatEnginePerformanceStatistics"),
1494 : O3ESoftVers(8, "OemProductVersion"),
1503 : O3EInt8(1, "MinimumLoadPercent"),
1504 : O3EEnum(1, "TimeSettingSource", "TimeSettingSources"),
1505 : RawCodec(2, "SolarStagnationTemperatureOffset"),
1529 : O3EByteVal(1, "SolarRechargeSuppressionImpact"),
1533 : RawCodec(2, "InstallationWizardInProgress"),
1535 : RawCodec(3, "FlueGasSensorTestMode"),
1537 : RawCodec(3, "ChimneySweeperTestMode"),
1538 : O3EByteVal(1, "ZigbeeEnable"),
1539 : O3EByteVal(1, "ZigbeeStatus"),
1540 : RawCodec(26, "ZigbeeIdentification"),
1541 : RawCodec(5, "LegionellaProtectionPump"),
1549 : RawCodec(97, "HydraulicMatrixConfiguration"),
1550 : RawCodec(22, "FunctionMatrix"),
1554 : RawCodec(2, "HeatingSupport"),
1555 : RawCodec(6, "MixerOneCircuitFixedValueFlowTemperatureSetpoint"),
1556 : RawCodec(6, "MixerTwoCircuitFixedValueFlowTemperatureSetpoint"),
1557 : RawCodec(6, "MixerThreeCircuitFixedValueFlowTemperatureSetpoint"),
1558 : RawCodec(6, "MixerFourCircuitFixedValueFlowTemperatureSetpoint"),
1573 : O3EComplexType(9, "SystemReturnTemperatureSensor", [O3EInt16(2, "Actual", signed=True), O3EInt16(2, "Minimum", signed=True), O3EInt16(2, "Maximum", signed=True), O3EInt16(2, "Average", signed=True), O3EByteVal(1, "Unknown")]),
1585 : RawCodec(2, "IncreasedReturnTemperatureSetpoint"),
1593 : RawCodec(4, "BufferHysteresis"),
1594 : O3ESdate(3, "LastApplicationUpdate"),
1595 : RawCodec(8, "ParameterIdentificationVersionFactory"),
1596 : O3EComplexType(9, "IncreasedReturnTemperatureSensor", [O3EInt16(2, "Actual", signed=True), O3EInt16(2, "Minimum", signed=True), O3EInt16(2, "Maximum", signed=True), O3EInt16(2, "Average", signed=True), O3EByteVal(1, "Unknown")]),
1598 : RawCodec(4, "SolarStaticTemperatureControlHysteresis"),
1599 : RawCodec(4, "SolarSecondaryDeltaTemperatureHysteresis"),
1600 : RawCodec(2, "BufferDischargeFunctionThreeWayValvePositionPercent"),
1601 : RawCodec(1, "FuelCellCondition"),
1604 : RawCodec(2, "GatewayExternalTargetFlowTemperatureSetpoint"),
1605 : O3EComplexType(2, "GatewayExternalHeatEngineTargetOperationMode",[O3EByteVal(1,"Mode"),O3EByteVal(1,"State")]),
1606 : RawCodec(8, "IntervalStrategyProperties"),
1608 : O3EComplexType(9, "DifferentialTemperatureControllerHeatSourceTemperatureSensor", [O3EInt16(2, "Actual", signed=True), O3EInt16(2, "Minimum", signed=True), O3EInt16(2, "Maximum", signed=True), O3EInt16(2, "Average", signed=True), O3EByteVal(1, "Unknown")]),
1609 : O3EComplexType(9, "DifferentialTemperatureControllerHeatSinkTemperatureSensor", [O3EInt16(2, "Actual", signed=True), O3EInt16(2, "Minimum", signed=True), O3EInt16(2, "Maximum", signed=True), O3EInt16(2, "Average", signed=True), O3EByteVal(1, "Unknown")]),
1610 : O3EComplexType(9, "HeatingSupportBufferTemperatureSensor", [O3EInt16(2, "Actual", signed=True), O3EInt16(2, "Minimum", signed=True), O3EInt16(2, "Maximum", signed=True), O3EInt16(2, "Average", signed=True), O3EByteVal(1, "Unknown")]),
1611 : O3EComplexType(9, "PreheatingReferenceTemperatureSensor", [O3EInt16(2, "Actual", signed=True), O3EInt16(2, "Minimum", signed=True), O3EInt16(2, "Maximum", signed=True), O3EInt16(2, "Average", signed=True), O3EByteVal(1, "Unknown")]),
1612 : O3EComplexType(2, "ExternalMixerTwoCircuitTargetOperationMode",[O3EByteVal(1,"Mode"),O3EByteVal(1,"State")]),
1613 : O3EComplexType(2, "ExternalMixerThreeCircuitTargetOperationMode",[O3EByteVal(1,"Mode"),O3EByteVal(1,"State")]),
1614 : O3EComplexType(2, "ExternalMixerFourCircuitTargetOperationMode",[O3EByteVal(1,"Mode"),O3EByteVal(1,"State")]),
1627 : O3EInt16(2, "ExternalMixerOneCircuitFixedValueTargetTemperatureSetpoint", scale = 10, signed=True),
1628 : O3EInt16(2, "ExternalMixerTwoCircuitFixedValueTargetTemperatureSetpoint", scale = 10, signed=True),
1629 : O3EInt16(2, "ExternalMixerThreeCircuitFixedValueTargetTemperatureSetpoint", scale = 10, signed=True),
1630 : O3EInt16(2, "ExternalMixerFourCircuitFixedValueTargetTemperatureSetpoint", scale = 10, signed=True),
1643 : O3EInt16(2, "MixerOneCircuitCurrentTemperatureSetpoint", scale = 10, signed=True),
1644 : O3EInt16(2, "MixerTwoCircuitCurrentTemperatureSetpoint", scale = 10, signed=True),
1645 : O3EInt16(2, "MixerThreeCircuitCurrentTemperatureSetpoint", scale = 10, signed=True),
1646 : O3EInt16(2, "MixerFourCircuitCurrentTemperatureSetpoint", scale = 10, signed=True),
1659 : O3EInt16(3, "EndResultDomesticHotWaterTemperatureSetpoint", scale = 10, signed=True),
1660 : RawCodec(16, "SupportedFeatures"),
1661 : RawCodec(5, "SolarSecondaryTransferPump"),
1662 : RawCodec(2, "HeatingSupportBufferThreeWayValvePositionPercent"),
1663 : RawCodec(41, "TestStatus"),
1667 : RawCodec(2, "MixerOneCircuitPumpOscillationTime"),
1668 : RawCodec(2, "MixerTwoCircuitPumpOscillationTime"),
1669 : RawCodec(2, "MixerThreeCircuitPumpOscillationTime"),
1670 : RawCodec(2, "MixerFourCircuitPumpOscillationTime"),
