256 : O3EComplexType(36, "BusIdentification", [O3EByteVal(1, "BusAddress"), O3EEnum(1, "BusType", "BusTypes"), O3EEnum(1, "DeviceProperty","Devices"), O3EEnum(1, "DeviceFunction","Devices"), O3ESoftVers(8, "SW-Version"), O3ESoftVers(8, "HW-Version"), O3EUtf8(16, "VIN")]),
257 : O3EList(122, "StatusDtcList", [O3EByteVal(2, "Count"), O3EComplexType(12, "ListEntries",[O3EEnum(2,"State","States"), O3EDateTime(8, "DateTime"),O3EByteVal(2, "Unknown")] )]),
258 : O3EList(122, "StatusDtcHistory", [O3EByteVal(2, "Count"), O3EComplexType(12, "ListEntries",[O3EEnum(2,"State","States"), O3EDateTime(8, "DateTime"),O3EByteVal(2, "Unknown")] )]),
259 : O3EList(122, "InfoDtcList", [O3EByteVal(2, "Count"), O3EComplexType(12, "ListEntries",[O3EEnum(2,"Info","Infos"), O3EDateTime(8, "DateTime"),O3EByteVal(2, "Unknown")] )]),
260 : O3EList(122, "InfoDtcHistory", [O3EByteVal(2, "Count"), O3EComplexType(12, "ListEntries",[O3EEnum(2,"Info","Infos"), O3EDateTime(8, "DateTime"),O3EByteVal(2, "Unknown")] )]),
261 : O3EList(122, "ServiceDtcList", [O3EByteVal(2, "Count"), O3EComplexType(12, "ListEntries",[O3EEnum(2,"Service","Services"), O3EDateTime(8, "DateTime"),O3EByteVal(2, "Unknown")] )]),
262 : O3EList(122, "ServiceDtcHistory", [O3EByteVal(2, "Count"), O3EComplexType(12, "ListEntries",[O3EEnum(2,"Service","Services"), O3EDateTime(8, "DateTime"),O3EByteVal(2, "Unknown")] )]),
263 : O3EList(122, "WarningDtcList", [O3EByteVal(2, "Count"), O3EComplexType(12, "ListEntries",[O3EEnum(2,"Warning","Warnings"), O3EDateTime(8, "DateTime"),O3EByteVal(2, "Unknown")] )]),
264 : O3EList(124, "WarningDtcHistory", [O3EByteVal(2, "Count"), O3EByteVal(2, "GrandTotal"), O3EComplexType(12, "ListEntries",[O3EEnum(2,"Warning","Warnings"), O3EDateTime(8, "DateTime"),O3EByteVal(2, "Unknown")] )]),
265 : O3EList(122, "ErrorDtcList", [O3EByteVal(2, "Count"), O3EComplexType(12, "ListEntries",[O3EEnum(2,"Error","Errors"), O3EDateTime(8, "DateTime"), O3EByteVal(2, "Unknown")] )]),
266 : O3EList(124, "ErrorDtcHistory", [O3EByteVal(2, "Count"), O3EByteVal(2, "GrandTotal"), O3EComplexType(12, "ListEntries",[O3EEnum(2,"Error","Errors"), O3EDateTime(8, "DateTime"), O3EByteVal(2, "Unknown")] )]),
268 : O3EComplexType(9, "FlowTemperatureSensor", [O3EInt16(2, "Actual", signed=True), O3EInt16(2, "Minimum", signed=True), O3EInt16(2, "Maximum", signed=True), O3EInt16(2, "Average", signed=True), O3EByteVal(1, "Unknown")]),
269 : O3EComplexType(9, "ReturnTemperatureSensor", [O3EInt16(2, "Actual", signed=True), O3EInt16(2, "Minimum", signed=True), O3EInt16(2, "Maximum", signed=True), O3EInt16(2, "Average", signed=True), O3EByteVal(1, "Unknown")]),
270 : RawCodec(9, "WaterFlowSensor"),
318 : O3EComplexType(9, "WaterPressureSensor", [O3EInt16(2, "Actual", signed=True), O3EInt16(2, "Minimum", signed=True), O3EInt16(2, "Maximum", signed=True), O3EInt16(2, "Average", signed=True), O3EByteVal(1, "Unknown")]),
331 : O3EComplexType(9, "FlueGasTemperatureSensor", [O3EInt16(2, "Actual", signed=True), O3EInt16(2, "Minimum", signed=True), O3EInt16(2, "Maximum", signed=True), O3EInt16(2, "Average", signed=True), O3EByteVal(1, "Unknown")]),
356 : RawCodec(2, "MainPowerSupplyValue"),
360 : O3EComplexType(9, "DomesticHotWaterOutletSensor",[O3EInt16(2, "Actual", signed=True), O3EInt16(2, "Minimum", signed=True), O3EInt16(2, "Maximum", signed=True), O3EInt16(2, "Average", signed=True), O3EByteVal(1, "Error")]),
364 : O3EComplexType(6, "Flame", [O3EInt8(1, "Flame"), RawCodec(5, "Unknown")]),
373 : RawCodec(2, "FanTargetSpeed"),
374 : RawCodec(2, "FanCurrentSpeed"),
376 : RawCodec(9, "MassFlowSensor"),
377 : O3EUtf8(16, "ViessmannIdentificationNumber"),
381 : O3EInt8(4, "CentralHeatingPump", offset = 1),
386 : O3EByteVal(1, "DiverterValveTargetPosition"),
392 : RawCodec(4, "DomesticHotWaterPump"), # likely Circulation "00000005" Ändert sich nich wenn Warmwasser gezapfrt wird.
505 : O3ESdate(3, "Date"),
506 : O3EStime(3, "Time"),
524 : O3EInt16(2, "ModulationTargetSetpoint", scale=1),
526 : O3EInt16(2, "ModulationCurrentValue"),
572 : RawCodec(3, "SetDefaultValuesDate"),
576 : O3ESdate(3, "SetDeliveryStatusDate"),
580 : O3ESoftVers(8, "SoftwareVersion"),
581 : O3ESoftVers(8, "HardwareVersion"),
928 : O3EUtf8(16, "ElectronicTraceabilityNumber"),
929 : O3EEnum(1, "GasType", "GasTypes"),
960 : O3EByteVal(1, "ExhaustPipeType"),
961 : RawCodec(1, "SecurityAlgorithmNumber"),
964 : O3EByteVal(1, "ActiveDiagnosticSession"),
1043 : O3EComplexType(5, "AllengraSensor", [O3EInt16(2, "Flow"), O3EInt16(2, "Temperature"), RawCodec(1, "Unknown")]),
1166 : RawCodec(5, "ResetDtcHistory"),
1212 : RawCodec(1, "MassFlowSensorCorrectionFactor"),
1239 : RawCodec(2, "ActorSensorTest"),
1467 : RawCodec(2, "SafetyRelevantRemoteUnlock"),
1586 : RawCodec(4, "HeatCellCondensateDetection"),
1595 : RawCodec(8, "ParameterIdentificationVersionFactory"),
